Using pre-set license
Built from '2020.3/staging' branch; Version is '2020.3.30f1 (1fb1bf06830e) revision 2077119'; Using compiler version '192528614'; Build Type 'Release'
OS: 'Windows 10  (10.0.19045) 64bit Core' Language: 'en' Physical Memory: 32617 MB
BatchMode: 1, IsHumanControllingUs: 0, StartBugReporterOnCrash: 0, Is64bit: 1, IsPro: 0

COMMAND LINE ARGUMENTS:
C:\Program Files\Unity\Hub\Editor\2020.3.30f1\Editor\Unity.exe
-adb2
-batchMode
-noUpm
-name
AssetImportWorker0
-projectPath
C:/Users/lulul/Documents/_Vault/Vtol Vr Modding/BCATSU27/SU_27_Flanker/BCAT-SU27
-logFile
Logs/AssetImportWorker0.log
-srvPort
49298
Successfully changed project path to: C:/Users/lulul/Documents/_Vault/Vtol Vr Modding/BCATSU27/SU_27_Flanker/BCAT-SU27
C:/Users/lulul/Documents/_Vault/Vtol Vr Modding/BCATSU27/SU_27_Flanker/BCAT-SU27
Using Asset Import Pipeline V2.
Refreshing native plugins compatible for Editor in 121.02 ms, found 7 plugins.
Preloading 0 native plugins for Editor in 0.00 ms.
Initialize engine version: 2020.3.30f1 (1fb1bf06830e)
[Subsystems] Discovering subsystems at path C:/Program Files/Unity/Hub/Editor/2020.3.30f1/Editor/Data/Resources/UnitySubsystems
[Subsystems] Discovering subsystems at path C:/Users/lulul/Documents/_Vault/Vtol Vr Modding/BCATSU27/SU_27_Flanker/BCAT-SU27/Assets
GfxDevice: creating device client; threaded=0
Direct3D:
    Version:  Direct3D 11.0 [level 11.1]
    Renderer: NVIDIA GeForce RTX 2060 (ID=0x1f11)
    Vendor:   
    VRAM:     5969 MB
    Driver:   31.0.15.4617
Shader 'Ethical Motion/Particles/Lit MultiLight': fallback shader 'Hidden/Ethical Motion/Particles/Lit Alpha Blend Shadow Fallback' not found
Shader 'Ethical Motion/Particles/Lit': fallback shader 'Hidden/Ethical Motion/Particles/Lit Alpha Blend Shadow Fallback' not found
Initialize mono
Mono path[0] = 'C:/Program Files/Unity/Hub/Editor/2020.3.30f1/Editor/Data/Managed'
Mono path[1] = 'C:/Program Files/Unity/Hub/Editor/2020.3.30f1/Editor/Data/MonoBleedingEdge/lib/mono/unityjit'
Mono config path = 'C:/Program Files/Unity/Hub/Editor/2020.3.30f1/Editor/Data/MonoBleedingEdge/etc'
Using monoOptions --debugger-agent=transport=dt_socket,embedding=1,server=y,suspend=n,address=127.0.0.1:56396
Begin MonoManager ReloadAssembly
Registering precompiled unity dll's ...
Register platform support module: C:/Program Files/Unity/Hub/Editor/2020.3.30f1/Editor/Data/PlaybackEngines/WindowsStandaloneSupport/UnityEditor.WindowsStandalone.Extensions.dll
Registered in 0.004099 seconds.
Native extension for WindowsStandalone target not found
Refreshing native plugins compatible for Editor in 94.18 ms, found 7 plugins.
Preloading 0 native plugins for Editor in 0.00 ms.
Mono: successfully reloaded assembly
- Completed reload, in  0.751 seconds
Domain Reload Profiling:
	ReloadAssembly (751ms)
		BeginReloadAssembly (96ms)
			ExecutionOrderSort (0ms)
			DisableScriptedObjects (0ms)
			BackupInstance (0ms)
			ReleaseScriptingObjects (0ms)
			CreateAndSetChildDomain (1ms)
		EndReloadAssembly (562ms)
			LoadAssemblies (91ms)
			RebuildTransferFunctionScriptingTraits (0ms)
			SetupTypeCache (166ms)
			ReleaseScriptCaches (0ms)
			RebuildScriptCaches (34ms)
			SetupLoadedEditorAssemblies (231ms)
				LogAssemblyErrors (0ms)
				InitializePlatformSupportModulesInManaged (5ms)
				SetLoadedEditorAssemblies (0ms)
				RefreshPlugins (94ms)
				BeforeProcessingInitializeOnLoad (9ms)
				ProcessInitializeOnLoadAttributes (91ms)
				ProcessInitializeOnLoadMethodAttributes (31ms)
				AfterProcessingInitializeOnLoad (0ms)
				EditorAssembliesLoaded (0ms)
			ExecutionOrderSort2 (0ms)
			AwakeInstancesAfterBackupRestoration (0ms)
Platform modules already initialized, skipping
Registering precompiled user dll's ...
Registered in 0.039701 seconds.
Begin MonoManager ReloadAssembly
Native extension for WindowsStandalone target not found
Refreshing native plugins compatible for Editor in 89.12 ms, found 7 plugins.
Preloading 0 native plugins for Editor in 0.00 ms.
Mono: successfully reloaded assembly
- Completed reload, in  1.698 seconds
Domain Reload Profiling:
	ReloadAssembly (1700ms)
		BeginReloadAssembly (197ms)
			ExecutionOrderSort (0ms)
			DisableScriptedObjects (5ms)
			BackupInstance (0ms)
			ReleaseScriptingObjects (0ms)
			CreateAndSetChildDomain (20ms)
		EndReloadAssembly (1423ms)
			LoadAssemblies (168ms)
			RebuildTransferFunctionScriptingTraits (0ms)
			SetupTypeCache (530ms)
			ReleaseScriptCaches (1ms)
			RebuildScriptCaches (121ms)
			SetupLoadedEditorAssemblies (471ms)
				LogAssemblyErrors (0ms)
				InitializePlatformSupportModulesInManaged (4ms)
				SetLoadedEditorAssemblies (0ms)
				RefreshPlugins (89ms)
				BeforeProcessingInitializeOnLoad (101ms)
				ProcessInitializeOnLoadAttributes (248ms)
				ProcessInitializeOnLoadMethodAttributes (15ms)
				AfterProcessingInitializeOnLoad (14ms)
				EditorAssembliesLoaded (0ms)
			ExecutionOrderSort2 (0ms)
			AwakeInstancesAfterBackupRestoration (6ms)
Platform modules already initialized, skipping
========================================================================
Worker process is ready to serve import requests
Shader 'Ethical Motion/Particles/Lit MultiLight': fallback shader 'Hidden/Ethical Motion/Particles/Lit Alpha Blend Shadow Fallback' not found
Shader 'Ethical Motion/Particles/Lit': fallback shader 'Hidden/Ethical Motion/Particles/Lit Alpha Blend Shadow Fallback' not found
Launched and connected shader compiler UnityShaderCompiler.exe after 0.08 seconds
Refreshing native plugins compatible for Editor in 1.51 ms, found 7 plugins.
Preloading 0 native plugins for Editor in 0.00 ms.
Unloading 4559 Unused Serialized files (Serialized files now loaded: 0)
System memory in use before: 241.9 MB.
System memory in use after: 242.1 MB.

Unloading 69 unused Assets to reduce memory usage. Loaded Objects now: 5295.
Total: 5.121900 ms (FindLiveObjects: 0.513900 ms CreateObjectMapping: 0.315700 ms MarkObjects: 4.127400 ms  DeleteObjects: 0.164000 ms)

AssetImportParameters requested are different than current active one (requested -> active):
  custom:framework-win-MediaFoundation: 216162199b28c13a410421893ffa2e32 -> 
  custom:video-decoder-ogg-theora: a1e56fd34408186e4bbccfd4996cb3dc -> 
  custom:container-muxer-webm: aa71ff27fc2769a1b78a27578f13a17b -> 
  custom:container-demuxer-webm: 4f35f7cbe854078d1ac9338744f61a02 -> 
  custom:container-demuxer-ogg: 62fdf1f143b41e24485cea50d1cbac27 -> 
  custom:video-encoder-webm-vp8: eb34c28f22e8b96e1ab97ce403110664 -> 
  custom:video-codec-MediaFoundation-h265: e54d7ab0439102e2317fc1e4b246158d -> 
  custom:video-decoder-webm-vp8: 9c59270c3fd7afecdb556c50c9e8de78 -> 
  custom:audio-decoder-ogg-vorbis: bf7c407c2cedff20999df2af8eb42d56 -> 
  custom:audio-encoder-webm-vorbis: bf7c407c2cedff20999df2af8eb42d56 -> 
========================================================================
Received Import Request.
  path: Assets/PrefabInstance/SU27.prefab
  artifactKey: Guid(b7d83c4fd181b144e9918af879d38b90) Importer(815301076,1909f56bfc062723c751e8b465ee728b)
Start importing Assets/PrefabInstance/SU27.prefab using Guid(b7d83c4fd181b144e9918af879d38b90) Importer(815301076,1909f56bfc062723c751e8b465ee728b)  -> (artifact id: '7df43d0586da3a8a2751220242f7e703') in 3.436472 seconds 
========================================================================
Received Import Request.
  Time since last request: 1045.414065 seconds.
  path: Assets/PrefabInstance/SU27.prefab
  artifactKey: Guid(b7d83c4fd181b144e9918af879d38b90) Importer(815301076,1909f56bfc062723c751e8b465ee728b)
Start importing Assets/PrefabInstance/SU27.prefab using Guid(b7d83c4fd181b144e9918af879d38b90) Importer(815301076,1909f56bfc062723c751e8b465ee728b)  -> (artifact id: '7d7c529ae0600a613226999aa8e59adb') in 2.178107 seconds 
========================================================================
Received Prepare
Shader 'Ethical Motion/Particles/Lit MultiLight': fallback shader 'Hidden/Ethical Motion/Particles/Lit Alpha Blend Shadow Fallback' not found
Shader 'Ethical Motion/Particles/Lit': fallback shader 'Hidden/Ethical Motion/Particles/Lit Alpha Blend Shadow Fallback' not found
Refreshing native plugins compatible for Editor in 41.57 ms, found 7 plugins.
Preloading 0 native plugins for Editor in 0.00 ms.
Unloading 58 Unused Serialized files (Serialized files now loaded: 0)
System memory in use before: 194.0 MB.
System memory in use after: 194.3 MB.

Unloading 67 unused Assets to reduce memory usage. Loaded Objects now: 5310.
Total: 7.372500 ms (FindLiveObjects: 0.750700 ms CreateObjectMapping: 0.402300 ms MarkObjects: 6.026400 ms  DeleteObjects: 0.191500 ms)

AssetImportParameters requested are different than current active one (requested -> active):
  custom:framework-win-MediaFoundation: 216162199b28c13a410421893ffa2e32 -> 
  custom:video-decoder-ogg-theora: a1e56fd34408186e4bbccfd4996cb3dc -> 
  custom:container-muxer-webm: aa71ff27fc2769a1b78a27578f13a17b -> 
  custom:container-demuxer-webm: 4f35f7cbe854078d1ac9338744f61a02 -> 
  custom:container-demuxer-ogg: 62fdf1f143b41e24485cea50d1cbac27 -> 
  custom:video-encoder-webm-vp8: eb34c28f22e8b96e1ab97ce403110664 -> 
  custom:video-codec-MediaFoundation-h265: e54d7ab0439102e2317fc1e4b246158d -> 
  custom:video-decoder-webm-vp8: 9c59270c3fd7afecdb556c50c9e8de78 -> 
  custom:audio-decoder-ogg-vorbis: bf7c407c2cedff20999df2af8eb42d56 -> 
  custom:audio-encoder-webm-vorbis: bf7c407c2cedff20999df2af8eb42d56 -> 
========================================================================
Received Import Request.
  Time since last request: 533.383680 seconds.
  path: Assets/PrefabInstance/SU27.prefab
  artifactKey: Guid(b7d83c4fd181b144e9918af879d38b90) Importer(815301076,1909f56bfc062723c751e8b465ee728b)
Start importing Assets/PrefabInstance/SU27.prefab using Guid(b7d83c4fd181b144e9918af879d38b90) Importer(815301076,1909f56bfc062723c751e8b465ee728b)  -> (artifact id: '97ae868a7809abb554f46fec8f63dc19') in 3.410717 seconds 
========================================================================
Received Import Request.
  Time since last request: 2014.001607 seconds.
  path: Assets/AudioClip/deployLoop.ogg
  artifactKey: Guid(54ee54d0cd063ac48a03936668cf26c2) Importer(815301076,1909f56bfc062723c751e8b465ee728b)
Start importing Assets/AudioClip/deployLoop.ogg using Guid(54ee54d0cd063ac48a03936668cf26c2) Importer(815301076,1909f56bfc062723c751e8b465ee728b)  -> (artifact id: '4d01cad80b328452cfcbd5856c7837b0') in 0.129557 seconds 
========================================================================
Received Import Request.
  Time since last request: 0.000428 seconds.
  path: Assets/AudioClip/deployLoopHighPitch.ogg
  artifactKey: Guid(36c7da845cb358240a3122f32c021e24) Importer(815301076,1909f56bfc062723c751e8b465ee728b)
Start importing Assets/AudioClip/deployLoopHighPitch.ogg using Guid(36c7da845cb358240a3122f32c021e24) Importer(815301076,1909f56bfc062723c751e8b465ee728b)  -> (artifact id: 'e1c8ebfaec3f4ddef813ee2421060927') in 0.016973 seconds 
========================================================================
Received Import Request.
  Time since last request: 14.875078 seconds.
  path: Assets/AudioClip/metalcreaking.mp3
  artifactKey: Guid(799e14dca58c70044a938d5075dde291) Importer(815301076,1909f56bfc062723c751e8b465ee728b)
Start importing Assets/AudioClip/metalcreaking.mp3 using Guid(799e14dca58c70044a938d5075dde291) Importer(815301076,1909f56bfc062723c751e8b465ee728b)  -> (artifact id: 'acd431003241933efe7f147fede95fbf') in 0.021226 seconds 
========================================================================
Received Import Request.
  Time since last request: 34.934043 seconds.
  path: Assets/AudioClip/metalcreaking.mp3
  artifactKey: Guid(799e14dca58c70044a938d5075dde291) Importer(815301076,1909f56bfc062723c751e8b465ee728b)
Start importing Assets/AudioClip/metalcreaking.mp3 using Guid(799e14dca58c70044a938d5075dde291) Importer(815301076,1909f56bfc062723c751e8b465ee728b)  -> (artifact id: 'be4ea2216139418539b25e72a2b335c1') in 0.010843 seconds 
========================================================================
Received Import Request.
  Time since last request: 143.228361 seconds.
  path: Assets/PrefabInstance/SU27.prefab
  artifactKey: Guid(b7d83c4fd181b144e9918af879d38b90) Importer(815301076,1909f56bfc062723c751e8b465ee728b)
Start importing Assets/PrefabInstance/SU27.prefab using Guid(b7d83c4fd181b144e9918af879d38b90) Importer(815301076,1909f56bfc062723c751e8b465ee728b)  -> (artifact id: 'ddeb42da4ad4e945c7da610dd4f48be6') in 2.441677 seconds 
========================================================================
Received Prepare
Shader 'Ethical Motion/Particles/Lit MultiLight': fallback shader 'Hidden/Ethical Motion/Particles/Lit Alpha Blend Shadow Fallback' not found
Shader 'Ethical Motion/Particles/Lit': fallback shader 'Hidden/Ethical Motion/Particles/Lit Alpha Blend Shadow Fallback' not found
Refreshing native plugins compatible for Editor in 43.99 ms, found 7 plugins.
Preloading 0 native plugins for Editor in 0.00 ms.
Unloading 58 Unused Serialized files (Serialized files now loaded: 0)
System memory in use before: 201.1 MB.
System memory in use after: 201.4 MB.

Unloading 67 unused Assets to reduce memory usage. Loaded Objects now: 5312.
Total: 15.416900 ms (FindLiveObjects: 0.777400 ms CreateObjectMapping: 0.564500 ms MarkObjects: 13.895500 ms  DeleteObjects: 0.178100 ms)

AssetImportParameters requested are different than current active one (requested -> active):
  custom:framework-win-MediaFoundation: 216162199b28c13a410421893ffa2e32 -> 
  custom:video-decoder-ogg-theora: a1e56fd34408186e4bbccfd4996cb3dc -> 
  custom:container-muxer-webm: aa71ff27fc2769a1b78a27578f13a17b -> 
  custom:container-demuxer-webm: 4f35f7cbe854078d1ac9338744f61a02 -> 
  custom:container-demuxer-ogg: 62fdf1f143b41e24485cea50d1cbac27 -> 
  custom:video-encoder-webm-vp8: eb34c28f22e8b96e1ab97ce403110664 -> 
  custom:video-codec-MediaFoundation-h265: e54d7ab0439102e2317fc1e4b246158d -> 
  custom:video-decoder-webm-vp8: 9c59270c3fd7afecdb556c50c9e8de78 -> 
  custom:audio-decoder-ogg-vorbis: bf7c407c2cedff20999df2af8eb42d56 -> 
  custom:audio-encoder-webm-vorbis: bf7c407c2cedff20999df2af8eb42d56 -> 
========================================================================
Received Import Request.
  Time since last request: 2325.487551 seconds.
  path: Assets/PrefabInstance/SU27.prefab
  artifactKey: Guid(b7d83c4fd181b144e9918af879d38b90) Importer(815301076,1909f56bfc062723c751e8b465ee728b)
Start importing Assets/PrefabInstance/SU27.prefab using Guid(b7d83c4fd181b144e9918af879d38b90) Importer(815301076,1909f56bfc062723c751e8b465ee728b)  -> (artifact id: '487f2cca0177102ba16b2fe86cc2e80b') in 2.497902 seconds 
========================================================================
Received Import Request.
  Time since last request: 1705.114678 seconds.
  path: Assets/Material/mat_vgLowpoly.mat
  artifactKey: Guid(b937f8df87bbe7e4ebda0fd700114a61) Importer(815301076,1909f56bfc062723c751e8b465ee728b)
Start importing Assets/Material/mat_vgLowpoly.mat using Guid(b937f8df87bbe7e4ebda0fd700114a61) Importer(815301076,1909f56bfc062723c751e8b465ee728b)  -> (artifact id: '0ceffef3abde66c5c7ca1a5140c67857') in 0.122328 seconds 
========================================================================
Received Import Request.
  Time since last request: 47.058716 seconds.
  path: Assets/PrefabInstance/NBDA/frenchmissiles/Resources/hpequips/su27/default_tgp.prefab
  artifactKey: Guid(4d275bab28f69e643b3686786034925e) Importer(815301076,1909f56bfc062723c751e8b465ee728b)
Start importing Assets/PrefabInstance/NBDA/frenchmissiles/Resources/hpequips/su27/default_tgp.prefab using Guid(4d275bab28f69e643b3686786034925e) Importer(815301076,1909f56bfc062723c751e8b465ee728b)  -> (artifact id: '22d82b14c862b21c791607b6ad5aaa4a') in 0.033543 seconds 
========================================================================
Received Prepare
Shader 'Ethical Motion/Particles/Lit MultiLight': fallback shader 'Hidden/Ethical Motion/Particles/Lit Alpha Blend Shadow Fallback' not found
Shader 'Ethical Motion/Particles/Lit': fallback shader 'Hidden/Ethical Motion/Particles/Lit Alpha Blend Shadow Fallback' not found
Refreshing native plugins compatible for Editor in 52.62 ms, found 7 plugins.
Preloading 0 native plugins for Editor in 0.00 ms.
Unloading 58 Unused Serialized files (Serialized files now loaded: 0)
System memory in use before: 203.3 MB.
System memory in use after: 203.5 MB.

Unloading 67 unused Assets to reduce memory usage. Loaded Objects now: 5344.
Total: 58.233800 ms (FindLiveObjects: 1.242300 ms CreateObjectMapping: 0.556400 ms MarkObjects: 55.139400 ms  DeleteObjects: 1.293900 ms)

AssetImportParameters requested are different than current active one (requested -> active):
  custom:framework-win-MediaFoundation: 216162199b28c13a410421893ffa2e32 -> 
  custom:video-decoder-ogg-theora: a1e56fd34408186e4bbccfd4996cb3dc -> 
  custom:container-muxer-webm: aa71ff27fc2769a1b78a27578f13a17b -> 
  custom:container-demuxer-webm: 4f35f7cbe854078d1ac9338744f61a02 -> 
  custom:container-demuxer-ogg: 62fdf1f143b41e24485cea50d1cbac27 -> 
  custom:video-encoder-webm-vp8: eb34c28f22e8b96e1ab97ce403110664 -> 
  custom:video-codec-MediaFoundation-h265: e54d7ab0439102e2317fc1e4b246158d -> 
  custom:video-decoder-webm-vp8: 9c59270c3fd7afecdb556c50c9e8de78 -> 
  custom:audio-decoder-ogg-vorbis: bf7c407c2cedff20999df2af8eb42d56 -> 
  custom:audio-encoder-webm-vorbis: bf7c407c2cedff20999df2af8eb42d56 -> 
========================================================================
Received Import Request.
  Time since last request: 28190.848553 seconds.
  path: Assets/PrefabInstance/SU27.prefab
  artifactKey: Guid(b7d83c4fd181b144e9918af879d38b90) Importer(815301076,1909f56bfc062723c751e8b465ee728b)
Start importing Assets/PrefabInstance/SU27.prefab using Guid(b7d83c4fd181b144e9918af879d38b90) Importer(815301076,1909f56bfc062723c751e8b465ee728b)  -> (artifact id: '921ac58565168f5729d8806d8981fd42') in 4.125292 seconds 
========================================================================
Received Prepare
Shader 'Ethical Motion/Particles/Lit MultiLight': fallback shader 'Hidden/Ethical Motion/Particles/Lit Alpha Blend Shadow Fallback' not found
Shader 'Ethical Motion/Particles/Lit': fallback shader 'Hidden/Ethical Motion/Particles/Lit Alpha Blend Shadow Fallback' not found
Refreshing native plugins compatible for Editor in 47.32 ms, found 7 plugins.
Preloading 0 native plugins for Editor in 0.00 ms.
Unloading 58 Unused Serialized files (Serialized files now loaded: 0)
System memory in use before: 204.9 MB.
System memory in use after: 205.2 MB.

Unloading 67 unused Assets to reduce memory usage. Loaded Objects now: 5344.
Total: 54.861200 ms (FindLiveObjects: 0.775600 ms CreateObjectMapping: 0.441900 ms MarkObjects: 53.375700 ms  DeleteObjects: 0.265700 ms)

AssetImportParameters requested are different than current active one (requested -> active):
  custom:framework-win-MediaFoundation: 216162199b28c13a410421893ffa2e32 -> 
  custom:video-decoder-ogg-theora: a1e56fd34408186e4bbccfd4996cb3dc -> 
  custom:container-muxer-webm: aa71ff27fc2769a1b78a27578f13a17b -> 
  custom:container-demuxer-webm: 4f35f7cbe854078d1ac9338744f61a02 -> 
  custom:container-demuxer-ogg: 62fdf1f143b41e24485cea50d1cbac27 -> 
  custom:video-encoder-webm-vp8: eb34c28f22e8b96e1ab97ce403110664 -> 
  custom:video-codec-MediaFoundation-h265: e54d7ab0439102e2317fc1e4b246158d -> 
  custom:video-decoder-webm-vp8: 9c59270c3fd7afecdb556c50c9e8de78 -> 
  custom:audio-decoder-ogg-vorbis: bf7c407c2cedff20999df2af8eb42d56 -> 
  custom:audio-encoder-webm-vorbis: bf7c407c2cedff20999df2af8eb42d56 -> 
========================================================================
Received Import Request.
  Time since last request: 3455.940368 seconds.
  path: Assets/PrefabInstance/SU27.prefab
  artifactKey: Guid(b7d83c4fd181b144e9918af879d38b90) Importer(815301076,1909f56bfc062723c751e8b465ee728b)
Start importing Assets/PrefabInstance/SU27.prefab using Guid(b7d83c4fd181b144e9918af879d38b90) Importer(815301076,1909f56bfc062723c751e8b465ee728b)  -> (artifact id: '0608d4be53e0e189dc04b5977ee2d552') in 3.996658 seconds 
========================================================================
Received Prepare
Shader 'Ethical Motion/Particles/Lit MultiLight': fallback shader 'Hidden/Ethical Motion/Particles/Lit Alpha Blend Shadow Fallback' not found
Shader 'Ethical Motion/Particles/Lit': fallback shader 'Hidden/Ethical Motion/Particles/Lit Alpha Blend Shadow Fallback' not found
Refreshing native plugins compatible for Editor in 41.13 ms, found 7 plugins.
Preloading 0 native plugins for Editor in 0.00 ms.
Unloading 58 Unused Serialized files (Serialized files now loaded: 0)
System memory in use before: 206.5 MB.
System memory in use after: 206.7 MB.

Unloading 67 unused Assets to reduce memory usage. Loaded Objects now: 5344.
Total: 19.178000 ms (FindLiveObjects: 0.801600 ms CreateObjectMapping: 0.540600 ms MarkObjects: 17.641400 ms  DeleteObjects: 0.193100 ms)

AssetImportParameters requested are different than current active one (requested -> active):
  custom:framework-win-MediaFoundation: 216162199b28c13a410421893ffa2e32 -> 
  custom:video-decoder-ogg-theora: a1e56fd34408186e4bbccfd4996cb3dc -> 
  custom:container-muxer-webm: aa71ff27fc2769a1b78a27578f13a17b -> 
  custom:container-demuxer-webm: 4f35f7cbe854078d1ac9338744f61a02 -> 
  custom:container-demuxer-ogg: 62fdf1f143b41e24485cea50d1cbac27 -> 
  custom:video-encoder-webm-vp8: eb34c28f22e8b96e1ab97ce403110664 -> 
  custom:video-codec-MediaFoundation-h265: e54d7ab0439102e2317fc1e4b246158d -> 
  custom:video-decoder-webm-vp8: 9c59270c3fd7afecdb556c50c9e8de78 -> 
  custom:audio-decoder-ogg-vorbis: bf7c407c2cedff20999df2af8eb42d56 -> 
  custom:audio-encoder-webm-vorbis: bf7c407c2cedff20999df2af8eb42d56 -> 
========================================================================
Received Prepare
Shader 'Ethical Motion/Particles/Lit MultiLight': fallback shader 'Hidden/Ethical Motion/Particles/Lit Alpha Blend Shadow Fallback' not found
Shader 'Ethical Motion/Particles/Lit': fallback shader 'Hidden/Ethical Motion/Particles/Lit Alpha Blend Shadow Fallback' not found
Refreshing native plugins compatible for Editor in 41.76 ms, found 7 plugins.
Preloading 0 native plugins for Editor in 0.00 ms.
Unloading 58 Unused Serialized files (Serialized files now loaded: 0)
System memory in use before: 206.6 MB.
System memory in use after: 206.8 MB.

Unloading 58 unused Assets to reduce memory usage. Loaded Objects now: 5344.
Total: 8.286200 ms (FindLiveObjects: 0.654800 ms CreateObjectMapping: 0.682000 ms MarkObjects: 6.797000 ms  DeleteObjects: 0.150500 ms)

AssetImportParameters requested are different than current active one (requested -> active):
  custom:framework-win-MediaFoundation: 216162199b28c13a410421893ffa2e32 -> 
  custom:video-decoder-ogg-theora: a1e56fd34408186e4bbccfd4996cb3dc -> 
  custom:container-muxer-webm: aa71ff27fc2769a1b78a27578f13a17b -> 
  custom:container-demuxer-webm: 4f35f7cbe854078d1ac9338744f61a02 -> 
  custom:container-demuxer-ogg: 62fdf1f143b41e24485cea50d1cbac27 -> 
  custom:video-encoder-webm-vp8: eb34c28f22e8b96e1ab97ce403110664 -> 
  custom:video-codec-MediaFoundation-h265: e54d7ab0439102e2317fc1e4b246158d -> 
  custom:video-decoder-webm-vp8: 9c59270c3fd7afecdb556c50c9e8de78 -> 
  custom:audio-decoder-ogg-vorbis: bf7c407c2cedff20999df2af8eb42d56 -> 
  custom:audio-encoder-webm-vorbis: bf7c407c2cedff20999df2af8eb42d56 -> 
========================================================================
Received Import Request.
  Time since last request: 36640.873422 seconds.
  path: Assets/PrefabInstance/SU27.prefab
  artifactKey: Guid(b7d83c4fd181b144e9918af879d38b90) Importer(815301076,1909f56bfc062723c751e8b465ee728b)
Start importing Assets/PrefabInstance/SU27.prefab using Guid(b7d83c4fd181b144e9918af879d38b90) Importer(815301076,1909f56bfc062723c751e8b465ee728b)  -> (artifact id: 'c6123870133663876578f8cff038bba6') in 2.387429 seconds 
========================================================================
Received Prepare
Shader 'Ethical Motion/Particles/Lit MultiLight': fallback shader 'Hidden/Ethical Motion/Particles/Lit Alpha Blend Shadow Fallback' not found
Shader 'Ethical Motion/Particles/Lit': fallback shader 'Hidden/Ethical Motion/Particles/Lit Alpha Blend Shadow Fallback' not found
Refreshing native plugins compatible for Editor in 35.05 ms, found 7 plugins.
Preloading 0 native plugins for Editor in 0.00 ms.
Unloading 58 Unused Serialized files (Serialized files now loaded: 0)
System memory in use before: 211.2 MB.
System memory in use after: 211.4 MB.

Unloading 67 unused Assets to reduce memory usage. Loaded Objects now: 5344.
Total: 6.021200 ms (FindLiveObjects: 0.664800 ms CreateObjectMapping: 0.408800 ms MarkObjects: 4.820500 ms  DeleteObjects: 0.126100 ms)

AssetImportParameters requested are different than current active one (requested -> active):
  custom:framework-win-MediaFoundation: 216162199b28c13a410421893ffa2e32 -> 
  custom:video-decoder-ogg-theora: a1e56fd34408186e4bbccfd4996cb3dc -> 
  custom:container-muxer-webm: aa71ff27fc2769a1b78a27578f13a17b -> 
  custom:container-demuxer-webm: 4f35f7cbe854078d1ac9338744f61a02 -> 
  custom:container-demuxer-ogg: 62fdf1f143b41e24485cea50d1cbac27 -> 
  custom:video-encoder-webm-vp8: eb34c28f22e8b96e1ab97ce403110664 -> 
  custom:video-codec-MediaFoundation-h265: e54d7ab0439102e2317fc1e4b246158d -> 
  custom:video-decoder-webm-vp8: 9c59270c3fd7afecdb556c50c9e8de78 -> 
  custom:audio-decoder-ogg-vorbis: bf7c407c2cedff20999df2af8eb42d56 -> 
  custom:audio-encoder-webm-vorbis: bf7c407c2cedff20999df2af8eb42d56 -> 
========================================================================
Received Import Request.
  Time since last request: 2996.390621 seconds.
  path: Assets/PrefabInstance/SU27.prefab
  artifactKey: Guid(b7d83c4fd181b144e9918af879d38b90) Importer(815301076,1909f56bfc062723c751e8b465ee728b)
Start importing Assets/PrefabInstance/SU27.prefab using Guid(b7d83c4fd181b144e9918af879d38b90) Importer(815301076,1909f56bfc062723c751e8b465ee728b)  -> (artifact id: '3762294ac901c754068c9a0ce49a209e') in 5.814155 seconds 
========================================================================
Received Prepare
Shader 'Ethical Motion/Particles/Lit MultiLight': fallback shader 'Hidden/Ethical Motion/Particles/Lit Alpha Blend Shadow Fallback' not found
Shader 'Ethical Motion/Particles/Lit': fallback shader 'Hidden/Ethical Motion/Particles/Lit Alpha Blend Shadow Fallback' not found
Refreshing native plugins compatible for Editor in 308.07 ms, found 7 plugins.
Preloading 0 native plugins for Editor in 0.00 ms.
Unloading 58 Unused Serialized files (Serialized files now loaded: 0)
System memory in use before: 212.7 MB.
System memory in use after: 212.9 MB.

Unloading 67 unused Assets to reduce memory usage. Loaded Objects now: 5344.
Total: 196.730100 ms (FindLiveObjects: 0.685000 ms CreateObjectMapping: 0.417500 ms MarkObjects: 194.475300 ms  DeleteObjects: 1.150700 ms)

AssetImportParameters requested are different than current active one (requested -> active):
  custom:framework-win-MediaFoundation: 216162199b28c13a410421893ffa2e32 -> 
  custom:video-decoder-ogg-theora: a1e56fd34408186e4bbccfd4996cb3dc -> 
  custom:container-muxer-webm: aa71ff27fc2769a1b78a27578f13a17b -> 
  custom:container-demuxer-webm: 4f35f7cbe854078d1ac9338744f61a02 -> 
  custom:container-demuxer-ogg: 62fdf1f143b41e24485cea50d1cbac27 -> 
  custom:video-encoder-webm-vp8: eb34c28f22e8b96e1ab97ce403110664 -> 
  custom:video-codec-MediaFoundation-h265: e54d7ab0439102e2317fc1e4b246158d -> 
  custom:video-decoder-webm-vp8: 9c59270c3fd7afecdb556c50c9e8de78 -> 
  custom:audio-decoder-ogg-vorbis: bf7c407c2cedff20999df2af8eb42d56 -> 
  custom:audio-encoder-webm-vorbis: bf7c407c2cedff20999df2af8eb42d56 -> 
========================================================================
Received Import Request.
  Time since last request: 7760.921049 seconds.
  path: Assets/PrefabInstance/SU27.prefab
  artifactKey: Guid(b7d83c4fd181b144e9918af879d38b90) Importer(815301076,1909f56bfc062723c751e8b465ee728b)
Start importing Assets/PrefabInstance/SU27.prefab using Guid(b7d83c4fd181b144e9918af879d38b90) Importer(815301076,1909f56bfc062723c751e8b465ee728b)  -> (artifact id: '2efd137dcd06099b3000d2a6a6faa6c4') in 3.640700 seconds 
========================================================================
Received Prepare
Shader 'Ethical Motion/Particles/Lit MultiLight': fallback shader 'Hidden/Ethical Motion/Particles/Lit Alpha Blend Shadow Fallback' not found
Shader 'Ethical Motion/Particles/Lit': fallback shader 'Hidden/Ethical Motion/Particles/Lit Alpha Blend Shadow Fallback' not found
Refreshing native plugins compatible for Editor in 2692.65 ms, found 7 plugins.
Preloading 0 native plugins for Editor in 0.00 ms.
Unloading 58 Unused Serialized files (Serialized files now loaded: 0)
System memory in use before: 214.2 MB.
System memory in use after: 214.5 MB.

Unloading 67 unused Assets to reduce memory usage. Loaded Objects now: 5344.
Total: 735.888000 ms (FindLiveObjects: 1.160000 ms CreateObjectMapping: 0.644200 ms MarkObjects: 733.805000 ms  DeleteObjects: 0.276700 ms)

AssetImportParameters requested are different than current active one (requested -> active):
  custom:framework-win-MediaFoundation: 216162199b28c13a410421893ffa2e32 -> 
  custom:video-decoder-ogg-theora: a1e56fd34408186e4bbccfd4996cb3dc -> 
  custom:container-muxer-webm: aa71ff27fc2769a1b78a27578f13a17b -> 
  custom:container-demuxer-webm: 4f35f7cbe854078d1ac9338744f61a02 -> 
  custom:container-demuxer-ogg: 62fdf1f143b41e24485cea50d1cbac27 -> 
  custom:video-encoder-webm-vp8: eb34c28f22e8b96e1ab97ce403110664 -> 
  custom:video-codec-MediaFoundation-h265: e54d7ab0439102e2317fc1e4b246158d -> 
  custom:video-decoder-webm-vp8: 9c59270c3fd7afecdb556c50c9e8de78 -> 
  custom:audio-decoder-ogg-vorbis: bf7c407c2cedff20999df2af8eb42d56 -> 
  custom:audio-encoder-webm-vorbis: bf7c407c2cedff20999df2af8eb42d56 -> 
========================================================================
Received Import Request.
  Time since last request: 18348.808958 seconds.
  path: Assets/PrefabInstance/SU27.prefab
  artifactKey: Guid(b7d83c4fd181b144e9918af879d38b90) Importer(815301076,1909f56bfc062723c751e8b465ee728b)
Start importing Assets/PrefabInstance/SU27.prefab using Guid(b7d83c4fd181b144e9918af879d38b90) Importer(815301076,1909f56bfc062723c751e8b465ee728b)  -> (artifact id: '1eae98a0ab04477273f0ae034b8dfaff') in 4.582329 seconds 
========================================================================
Received Import Request.
  Time since last request: 76.272824 seconds.
  path: Assets/PrefabInstance/SU27.prefab
  artifactKey: Guid(b7d83c4fd181b144e9918af879d38b90) Importer(815301076,1909f56bfc062723c751e8b465ee728b)
Start importing Assets/PrefabInstance/SU27.prefab using Guid(b7d83c4fd181b144e9918af879d38b90) Importer(815301076,1909f56bfc062723c751e8b465ee728b)  -> (artifact id: '0a2587def22de6404b4764c66a67baa8') in 16.048210 seconds 
========================================================================
Received Import Request.
  Time since last request: 164.919397 seconds.
  path: Assets/PrefabInstance/SU27.prefab
  artifactKey: Guid(b7d83c4fd181b144e9918af879d38b90) Importer(815301076,1909f56bfc062723c751e8b465ee728b)
Start importing Assets/PrefabInstance/SU27.prefab using Guid(b7d83c4fd181b144e9918af879d38b90) Importer(815301076,1909f56bfc062723c751e8b465ee728b)  -> (artifact id: '284c14a6aa01c6097d99d8914c59a28c') in 4.371538 seconds 
========================================================================
Received Prepare
Shader 'Ethical Motion/Particles/Lit MultiLight': fallback shader 'Hidden/Ethical Motion/Particles/Lit Alpha Blend Shadow Fallback' not found
Shader 'Ethical Motion/Particles/Lit': fallback shader 'Hidden/Ethical Motion/Particles/Lit Alpha Blend Shadow Fallback' not found
Refreshing native plugins compatible for Editor in 100.28 ms, found 7 plugins.
Preloading 0 native plugins for Editor in 0.00 ms.
Unloading 58 Unused Serialized files (Serialized files now loaded: 0)
System memory in use before: 218.9 MB.
System memory in use after: 219.1 MB.

Unloading 67 unused Assets to reduce memory usage. Loaded Objects now: 5344.
Total: 38.103800 ms (FindLiveObjects: 0.884700 ms CreateObjectMapping: 0.614400 ms MarkObjects: 36.453500 ms  DeleteObjects: 0.149400 ms)

AssetImportParameters requested are different than current active one (requested -> active):
  custom:framework-win-MediaFoundation: 216162199b28c13a410421893ffa2e32 -> 
  custom:video-decoder-ogg-theora: a1e56fd34408186e4bbccfd4996cb3dc -> 
  custom:container-muxer-webm: aa71ff27fc2769a1b78a27578f13a17b -> 
  custom:container-demuxer-webm: 4f35f7cbe854078d1ac9338744f61a02 -> 
  custom:container-demuxer-ogg: 62fdf1f143b41e24485cea50d1cbac27 -> 
  custom:video-encoder-webm-vp8: eb34c28f22e8b96e1ab97ce403110664 -> 
  custom:video-codec-MediaFoundation-h265: e54d7ab0439102e2317fc1e4b246158d -> 
  custom:video-decoder-webm-vp8: 9c59270c3fd7afecdb556c50c9e8de78 -> 
  custom:audio-decoder-ogg-vorbis: bf7c407c2cedff20999df2af8eb42d56 -> 
  custom:audio-encoder-webm-vorbis: bf7c407c2cedff20999df2af8eb42d56 -> 
========================================================================
Received Import Request.
  Time since last request: 1873.545361 seconds.
  path: Assets/PrefabInstance/SU27.prefab
  artifactKey: Guid(b7d83c4fd181b144e9918af879d38b90) Importer(815301076,1909f56bfc062723c751e8b465ee728b)
Start importing Assets/PrefabInstance/SU27.prefab using Guid(b7d83c4fd181b144e9918af879d38b90) Importer(815301076,1909f56bfc062723c751e8b465ee728b)  -> (artifact id: '777fedb0129e32661ca1750847823f3d') in 2.952386 seconds 
========================================================================
Received Import Request.
  Time since last request: 23.124826 seconds.
  path: Assets/PrefabInstance/SU27.prefab
  artifactKey: Guid(b7d83c4fd181b144e9918af879d38b90) Importer(815301076,1909f56bfc062723c751e8b465ee728b)
Start importing Assets/PrefabInstance/SU27.prefab using Guid(b7d83c4fd181b144e9918af879d38b90) Importer(815301076,1909f56bfc062723c751e8b465ee728b)  -> (artifact id: 'cf643ed51085ebd42ff006a644cb073d') in 2.332339 seconds 
========================================================================
Received Prepare
Shader 'Ethical Motion/Particles/Lit MultiLight': fallback shader 'Hidden/Ethical Motion/Particles/Lit Alpha Blend Shadow Fallback' not found
Shader 'Ethical Motion/Particles/Lit': fallback shader 'Hidden/Ethical Motion/Particles/Lit Alpha Blend Shadow Fallback' not found
Refreshing native plugins compatible for Editor in 43.75 ms, found 7 plugins.
Preloading 0 native plugins for Editor in 0.00 ms.
Unloading 58 Unused Serialized files (Serialized files now loaded: 0)
System memory in use before: 221.7 MB.
System memory in use after: 222.0 MB.

Unloading 67 unused Assets to reduce memory usage. Loaded Objects now: 5344.
Total: 13.167700 ms (FindLiveObjects: 0.425200 ms CreateObjectMapping: 0.308900 ms MarkObjects: 12.181300 ms  DeleteObjects: 0.250600 ms)

AssetImportParameters requested are different than current active one (requested -> active):
  custom:framework-win-MediaFoundation: 216162199b28c13a410421893ffa2e32 -> 
  custom:video-decoder-ogg-theora: a1e56fd34408186e4bbccfd4996cb3dc -> 
  custom:container-muxer-webm: aa71ff27fc2769a1b78a27578f13a17b -> 
  custom:container-demuxer-webm: 4f35f7cbe854078d1ac9338744f61a02 -> 
  custom:container-demuxer-ogg: 62fdf1f143b41e24485cea50d1cbac27 -> 
  custom:video-encoder-webm-vp8: eb34c28f22e8b96e1ab97ce403110664 -> 
  custom:video-codec-MediaFoundation-h265: e54d7ab0439102e2317fc1e4b246158d -> 
  custom:video-decoder-webm-vp8: 9c59270c3fd7afecdb556c50c9e8de78 -> 
  custom:audio-decoder-ogg-vorbis: bf7c407c2cedff20999df2af8eb42d56 -> 
  custom:audio-encoder-webm-vorbis: bf7c407c2cedff20999df2af8eb42d56 -> 
========================================================================
Received Import Request.
  Time since last request: 2678.707203 seconds.
  path: Assets/PrefabInstance/SU27.prefab
  artifactKey: Guid(b7d83c4fd181b144e9918af879d38b90) Importer(815301076,1909f56bfc062723c751e8b465ee728b)
Start importing Assets/PrefabInstance/SU27.prefab using Guid(b7d83c4fd181b144e9918af879d38b90) Importer(815301076,1909f56bfc062723c751e8b465ee728b)  -> (artifact id: 'c00422e81640580ec2787f653925f37b') in 3.340008 seconds 
========================================================================
Received Prepare
Shader 'Ethical Motion/Particles/Lit MultiLight': fallback shader 'Hidden/Ethical Motion/Particles/Lit Alpha Blend Shadow Fallback' not found
Shader 'Ethical Motion/Particles/Lit': fallback shader 'Hidden/Ethical Motion/Particles/Lit Alpha Blend Shadow Fallback' not found
Refreshing native plugins compatible for Editor in 117.64 ms, found 7 plugins.
Preloading 0 native plugins for Editor in 0.00 ms.
Unloading 58 Unused Serialized files (Serialized files now loaded: 0)
System memory in use before: 229.1 MB.
System memory in use after: 229.4 MB.

Unloading 67 unused Assets to reduce memory usage. Loaded Objects now: 5344.
Total: 38.290900 ms (FindLiveObjects: 0.754400 ms CreateObjectMapping: 0.504600 ms MarkObjects: 36.834300 ms  DeleteObjects: 0.195900 ms)

AssetImportParameters requested are different than current active one (requested -> active):
  custom:framework-win-MediaFoundation: 216162199b28c13a410421893ffa2e32 -> 
  custom:video-decoder-ogg-theora: a1e56fd34408186e4bbccfd4996cb3dc -> 
  custom:container-muxer-webm: aa71ff27fc2769a1b78a27578f13a17b -> 
  custom:container-demuxer-webm: 4f35f7cbe854078d1ac9338744f61a02 -> 
  custom:container-demuxer-ogg: 62fdf1f143b41e24485cea50d1cbac27 -> 
  custom:video-encoder-webm-vp8: eb34c28f22e8b96e1ab97ce403110664 -> 
  custom:video-codec-MediaFoundation-h265: e54d7ab0439102e2317fc1e4b246158d -> 
  custom:video-decoder-webm-vp8: 9c59270c3fd7afecdb556c50c9e8de78 -> 
  custom:audio-decoder-ogg-vorbis: bf7c407c2cedff20999df2af8eb42d56 -> 
  custom:audio-encoder-webm-vorbis: bf7c407c2cedff20999df2af8eb42d56 -> 
========================================================================
Received Import Request.
  Time since last request: 890.994649 seconds.
  path: Assets/PrefabInstance/SU27.prefab
  artifactKey: Guid(b7d83c4fd181b144e9918af879d38b90) Importer(815301076,1909f56bfc062723c751e8b465ee728b)
Start importing Assets/PrefabInstance/SU27.prefab using Guid(b7d83c4fd181b144e9918af879d38b90) Importer(815301076,1909f56bfc062723c751e8b465ee728b)  -> (artifact id: '0d450d0940c2cff429cb4640f48cf499') in 25.168778 seconds 
========================================================================
Received Prepare
Shader 'Ethical Motion/Particles/Lit MultiLight': fallback shader 'Hidden/Ethical Motion/Particles/Lit Alpha Blend Shadow Fallback' not found
Shader 'Ethical Motion/Particles/Lit': fallback shader 'Hidden/Ethical Motion/Particles/Lit Alpha Blend Shadow Fallback' not found
Refreshing native plugins compatible for Editor in 40.46 ms, found 7 plugins.
Preloading 0 native plugins for Editor in 0.00 ms.
Unloading 58 Unused Serialized files (Serialized files now loaded: 0)
System memory in use before: 230.7 MB.
System memory in use after: 230.9 MB.

Unloading 67 unused Assets to reduce memory usage. Loaded Objects now: 5344.
Total: 9.458300 ms (FindLiveObjects: 0.735800 ms CreateObjectMapping: 0.534700 ms MarkObjects: 7.952300 ms  DeleteObjects: 0.234100 ms)

AssetImportParameters requested are different than current active one (requested -> active):
  custom:framework-win-MediaFoundation: 216162199b28c13a410421893ffa2e32 -> 
  custom:video-decoder-ogg-theora: a1e56fd34408186e4bbccfd4996cb3dc -> 
  custom:container-muxer-webm: aa71ff27fc2769a1b78a27578f13a17b -> 
  custom:container-demuxer-webm: 4f35f7cbe854078d1ac9338744f61a02 -> 
  custom:container-demuxer-ogg: 62fdf1f143b41e24485cea50d1cbac27 -> 
  custom:video-encoder-webm-vp8: eb34c28f22e8b96e1ab97ce403110664 -> 
  custom:video-codec-MediaFoundation-h265: e54d7ab0439102e2317fc1e4b246158d -> 
  custom:video-decoder-webm-vp8: 9c59270c3fd7afecdb556c50c9e8de78 -> 
  custom:audio-decoder-ogg-vorbis: bf7c407c2cedff20999df2af8eb42d56 -> 
  custom:audio-encoder-webm-vorbis: bf7c407c2cedff20999df2af8eb42d56 -> 
========================================================================
Received Prepare
Shader 'Ethical Motion/Particles/Lit MultiLight': fallback shader 'Hidden/Ethical Motion/Particles/Lit Alpha Blend Shadow Fallback' not found
Shader 'Ethical Motion/Particles/Lit': fallback shader 'Hidden/Ethical Motion/Particles/Lit Alpha Blend Shadow Fallback' not found
Refreshing native plugins compatible for Editor in 39.40 ms, found 7 plugins.
Preloading 0 native plugins for Editor in 0.00 ms.
Unloading 58 Unused Serialized files (Serialized files now loaded: 0)
System memory in use before: 230.8 MB.
System memory in use after: 231.0 MB.

Unloading 58 unused Assets to reduce memory usage. Loaded Objects now: 5344.
Total: 9.444600 ms (FindLiveObjects: 0.731800 ms CreateObjectMapping: 0.537000 ms MarkObjects: 8.006800 ms  DeleteObjects: 0.167200 ms)

AssetImportParameters requested are different than current active one (requested -> active):
  custom:framework-win-MediaFoundation: 216162199b28c13a410421893ffa2e32 -> 
  custom:video-decoder-ogg-theora: a1e56fd34408186e4bbccfd4996cb3dc -> 
  custom:container-muxer-webm: aa71ff27fc2769a1b78a27578f13a17b -> 
  custom:container-demuxer-webm: 4f35f7cbe854078d1ac9338744f61a02 -> 
  custom:container-demuxer-ogg: 62fdf1f143b41e24485cea50d1cbac27 -> 
  custom:video-encoder-webm-vp8: eb34c28f22e8b96e1ab97ce403110664 -> 
  custom:video-codec-MediaFoundation-h265: e54d7ab0439102e2317fc1e4b246158d -> 
  custom:video-decoder-webm-vp8: 9c59270c3fd7afecdb556c50c9e8de78 -> 
  custom:audio-decoder-ogg-vorbis: bf7c407c2cedff20999df2af8eb42d56 -> 
  custom:audio-encoder-webm-vorbis: bf7c407c2cedff20999df2af8eb42d56 -> 
========================================================================
Received Prepare
Shader 'Ethical Motion/Particles/Lit MultiLight': fallback shader 'Hidden/Ethical Motion/Particles/Lit Alpha Blend Shadow Fallback' not found
Shader 'Ethical Motion/Particles/Lit': fallback shader 'Hidden/Ethical Motion/Particles/Lit Alpha Blend Shadow Fallback' not found
Refreshing native plugins compatible for Editor in 47.57 ms, found 7 plugins.
Preloading 0 native plugins for Editor in 0.00 ms.
Unloading 58 Unused Serialized files (Serialized files now loaded: 0)
System memory in use before: 230.9 MB.
System memory in use after: 231.2 MB.

Unloading 58 unused Assets to reduce memory usage. Loaded Objects now: 5344.
Total: 54.053400 ms (FindLiveObjects: 0.710700 ms CreateObjectMapping: 0.443300 ms MarkObjects: 52.734200 ms  DeleteObjects: 0.163300 ms)

AssetImportParameters requested are different than current active one (requested -> active):
  custom:framework-win-MediaFoundation: 216162199b28c13a410421893ffa2e32 -> 
  custom:video-decoder-ogg-theora: a1e56fd34408186e4bbccfd4996cb3dc -> 
  custom:container-muxer-webm: aa71ff27fc2769a1b78a27578f13a17b -> 
  custom:container-demuxer-webm: 4f35f7cbe854078d1ac9338744f61a02 -> 
  custom:container-demuxer-ogg: 62fdf1f143b41e24485cea50d1cbac27 -> 
  custom:video-encoder-webm-vp8: eb34c28f22e8b96e1ab97ce403110664 -> 
  custom:video-codec-MediaFoundation-h265: e54d7ab0439102e2317fc1e4b246158d -> 
  custom:video-decoder-webm-vp8: 9c59270c3fd7afecdb556c50c9e8de78 -> 
  custom:audio-decoder-ogg-vorbis: bf7c407c2cedff20999df2af8eb42d56 -> 
  custom:audio-encoder-webm-vorbis: bf7c407c2cedff20999df2af8eb42d56 -> 
========================================================================
Received Import Request.
  Time since last request: 1673.973381 seconds.
  path: Assets/PrefabInstance/NBDA/frenchmissiles/Resources/hpequips/f4pii/cbu97x1.prefab
  artifactKey: Guid(4585eefdb620c4f42a6b23d329e91f1d) Importer(815301076,1909f56bfc062723c751e8b465ee728b)
Start importing Assets/PrefabInstance/NBDA/frenchmissiles/Resources/hpequips/f4pii/cbu97x1.prefab using Guid(4585eefdb620c4f42a6b23d329e91f1d) Importer(815301076,1909f56bfc062723c751e8b465ee728b)  -> (artifact id: '8cf0dde0230d403c97d6cd2a46ba1820') in 0.196191 seconds 
========================================================================
Received Import Request.
  Time since last request: 0.000403 seconds.
  path: Assets/PrefabInstance/NBDA/frenchmissiles/Resources/hpequips/f4pii/cbu97x4.prefab
  artifactKey: Guid(a9d8f05853c7cd744a456591a2801a1e) Importer(815301076,1909f56bfc062723c751e8b465ee728b)
Start importing Assets/PrefabInstance/NBDA/frenchmissiles/Resources/hpequips/f4pii/cbu97x4.prefab using Guid(a9d8f05853c7cd744a456591a2801a1e) Importer(815301076,1909f56bfc062723c751e8b465ee728b)  -> (artifact id: '510a9677c10c44497fb0681b469552d0') in 0.044524 seconds 
========================================================================
Received Import Request.
  Time since last request: 0.000433 seconds.
  path: Assets/Font/CockpitFont.asset
  artifactKey: Guid(daf8f1e581800f340a7b8a75154d4105) Importer(815301076,1909f56bfc062723c751e8b465ee728b)
Start importing Assets/Font/CockpitFont.asset using Guid(daf8f1e581800f340a7b8a75154d4105) Importer(815301076,1909f56bfc062723c751e8b465ee728b)  -> (artifact id: 'bed25e9d0fe354a487b91f981b7c5ec6') in 0.022076 seconds 
========================================================================
Received Import Request.
  Time since last request: 0.000347 seconds.
  path: Assets/PrefabInstance/NBDA/frenchmissiles/Resources/hpequips/f4pii/cbu97x3.prefab
  artifactKey: Guid(37efb9c474b107d4f9bcb08ca511d976) Importer(815301076,1909f56bfc062723c751e8b465ee728b)
Start importing Assets/PrefabInstance/NBDA/frenchmissiles/Resources/hpequips/f4pii/cbu97x3.prefab using Guid(37efb9c474b107d4f9bcb08ca511d976) Importer(815301076,1909f56bfc062723c751e8b465ee728b)  -> (artifact id: '78c044d80e433c2fd11aac33d4a59b5f') in 0.027974 seconds 
========================================================================
Received Import Request.
  Time since last request: 0.000411 seconds.
  path: Assets/PrefabInstance/NBDA/frenchmissiles/Resources/hpequips/f4pii/cbu97x2.prefab
  artifactKey: Guid(757031da9aa0eaf4c800e95b4fcc1ccc) Importer(815301076,1909f56bfc062723c751e8b465ee728b)
Start importing Assets/PrefabInstance/NBDA/frenchmissiles/Resources/hpequips/f4pii/cbu97x2.prefab using Guid(757031da9aa0eaf4c800e95b4fcc1ccc) Importer(815301076,1909f56bfc062723c751e8b465ee728b)  -> (artifact id: 'fae09e3e6e89048e8b2b6002fe1dedd9') in 0.033838 seconds 
========================================================================
Received Import Request.
  Time since last request: 13.780348 seconds.
  path: Assets/Resources/Campaigns/fa26bFreeFlight.asset
  artifactKey: Guid(e8ff65953bbd05344af0796aac25b7b7) Importer(815301076,1909f56bfc062723c751e8b465ee728b)
Start importing Assets/Resources/Campaigns/fa26bFreeFlight.asset using Guid(e8ff65953bbd05344af0796aac25b7b7) Importer(815301076,1909f56bfc062723c751e8b465ee728b)  -> (artifact id: '005b83bd32e1048f9f5be4afdd11de63') in 0.153347 seconds 
========================================================================
Received Import Request.
  Time since last request: 0.000380 seconds.
  path: Assets/Font/Glass Gauge.ttf
  artifactKey: Guid(b471e52f28076d14d8cd053c97ed2d07) Importer(815301076,1909f56bfc062723c751e8b465ee728b)
Start importing Assets/Font/Glass Gauge.ttf using Guid(b471e52f28076d14d8cd053c97ed2d07) Importer(815301076,1909f56bfc062723c751e8b465ee728b)  -> (artifact id: '59fa787a36a91b1c3a59bcc47d4313e0') in 0.194827 seconds 
========================================================================
Received Import Request.
  Time since last request: 5.797740 seconds.
  path: Assets/PrefabInstance/NBDA/frenchmissiles/Resources/hpequips/f4pii/gbu10x1.prefab
  artifactKey: Guid(eb6abdecb924a6743b41d2a7c9f21b2c) Importer(815301076,1909f56bfc062723c751e8b465ee728b)
Start importing Assets/PrefabInstance/NBDA/frenchmissiles/Resources/hpequips/f4pii/gbu10x1.prefab using Guid(eb6abdecb924a6743b41d2a7c9f21b2c) Importer(815301076,1909f56bfc062723c751e8b465ee728b)  -> (artifact id: 'abeea2a77fa03e05bd87d09bab74385e') in 0.034812 seconds 
========================================================================
Received Import Request.
  Time since last request: 0.000328 seconds.
  path: Assets/PrefabInstance/NBDA/frenchmissiles/Resources/hpequips/f4pii/gbu12x2.prefab
  artifactKey: Guid(94b3c5d016c68f741affde0e13ac738e) Importer(815301076,1909f56bfc062723c751e8b465ee728b)
Start importing Assets/PrefabInstance/NBDA/frenchmissiles/Resources/hpequips/f4pii/gbu12x2.prefab using Guid(94b3c5d016c68f741affde0e13ac738e) Importer(815301076,1909f56bfc062723c751e8b465ee728b)  -> (artifact id: '76935b5a6e1289be1808f79981605bf1') in 0.028783 seconds 
========================================================================
Received Import Request.
  Time since last request: 0.000362 seconds.
  path: Assets/PrefabInstance/NBDA/frenchmissiles/Resources/hpequips/f4pii/gbu12x6.prefab
  artifactKey: Guid(9f168acd4e5b4f146a93a9bb2418c3c5) Importer(815301076,1909f56bfc062723c751e8b465ee728b)
Start importing Assets/PrefabInstance/NBDA/frenchmissiles/Resources/hpequips/f4pii/gbu12x6.prefab using Guid(9f168acd4e5b4f146a93a9bb2418c3c5) Importer(815301076,1909f56bfc062723c751e8b465ee728b)  -> (artifact id: 'cac37c655eea037a7fcea71b005d3df7') in 0.024667 seconds 
========================================================================
Received Import Request.
  Time since last request: 0.000333 seconds.
  path: Assets/PrefabInstance/NBDA/frenchmissiles/Resources/hpequips/f4pii/gbu12x1.prefab
  artifactKey: Guid(38cb58177a4b70645a5ca28f7749dccc) Importer(815301076,1909f56bfc062723c751e8b465ee728b)
Start importing Assets/PrefabInstance/NBDA/frenchmissiles/Resources/hpequips/f4pii/gbu12x1.prefab using Guid(38cb58177a4b70645a5ca28f7749dccc) Importer(815301076,1909f56bfc062723c751e8b465ee728b)  -> (artifact id: '850c2a9fca32da275b434679458ee05f') in 0.029447 seconds 
========================================================================
Received Import Request.
  Time since last request: 0.000399 seconds.
  path: Assets/PrefabInstance/NBDA/frenchmissiles/Resources/hpequips/f4pii/gbu12x3.prefab
  artifactKey: Guid(b950da4eb42d12b4598204c9fd6ac97e) Importer(815301076,1909f56bfc062723c751e8b465ee728b)
Start importing Assets/PrefabInstance/NBDA/frenchmissiles/Resources/hpequips/f4pii/gbu12x3.prefab using Guid(b950da4eb42d12b4598204c9fd6ac97e) Importer(815301076,1909f56bfc062723c751e8b465ee728b)  -> (artifact id: '0cecb0cbb8bd8e61c5f337b34bd2b5d2') in 0.028490 seconds 
========================================================================
Received Import Request.
  Time since last request: 0.074264 seconds.
  path: Assets/PrefabInstance/NBDA/frenchmissiles/Resources/hpequips/f4pii/gbu16x1.prefab
  artifactKey: Guid(a9395f870efa53e4291eda6092206632) Importer(815301076,1909f56bfc062723c751e8b465ee728b)
Start importing Assets/PrefabInstance/NBDA/frenchmissiles/Resources/hpequips/f4pii/gbu16x1.prefab using Guid(a9395f870efa53e4291eda6092206632) Importer(815301076,1909f56bfc062723c751e8b465ee728b)  -> (artifact id: 'f67e8b80b89130524ef52db858dbabf4') in 0.041515 seconds 
========================================================================
Received Import Request.
  Time since last request: 0.000391 seconds.
  path: Assets/Font/GlassGauge.fontsettings
  artifactKey: Guid(02e85d8a5f4fbde47aad87dfb6edb98e) Importer(815301076,1909f56bfc062723c751e8b465ee728b)
Start importing Assets/Font/GlassGauge.fontsettings using Guid(02e85d8a5f4fbde47aad87dfb6edb98e) Importer(815301076,1909f56bfc062723c751e8b465ee728b)  -> (artifact id: 'de9f4c0b72915cb6f525a0e998af3f80') in 0.009657 seconds 
========================================================================
Received Import Request.
  Time since last request: 0.451909 seconds.
  path: Assets/PrefabInstance/NBDA/frenchmissiles/Resources/hpequips/f4pii/green_tgp.prefab
  artifactKey: Guid(8a86fb012367fd34d93fde2a3313f336) Importer(815301076,1909f56bfc062723c751e8b465ee728b)
Start importing Assets/PrefabInstance/NBDA/frenchmissiles/Resources/hpequips/f4pii/green_tgp.prefab using Guid(8a86fb012367fd34d93fde2a3313f336) Importer(815301076,1909f56bfc062723c751e8b465ee728b)  -> (artifact id: 'fd4d23a89d9925f332b42aca45261704') in 0.126060 seconds 
========================================================================
Received Import Request.
  Time since last request: 2.686864 seconds.
  path: Assets/PrefabInstance/NBDA/frenchmissiles/Resources/hpequips/f4pii/gun.prefab
  artifactKey: Guid(9e148393157bcf145b6a963c77ed80db) Importer(815301076,1909f56bfc062723c751e8b465ee728b)
Start importing Assets/PrefabInstance/NBDA/frenchmissiles/Resources/hpequips/f4pii/gun.prefab using Guid(9e148393157bcf145b6a963c77ed80db) Importer(815301076,1909f56bfc062723c751e8b465ee728b)  -> (artifact id: '0f8d7cc002202107a5369605b17b9fe7') in 0.044679 seconds 
========================================================================
Received Import Request.
  Time since last request: 0.000524 seconds.
  path: Assets/PrefabInstance/NBDA/frenchmissiles/Resources/hpequips/f4pii/H70-x14ld.prefab
  artifactKey: Guid(c60067ea37225d547a3722a62b9e7136) Importer(815301076,1909f56bfc062723c751e8b465ee728b)
Start importing Assets/PrefabInstance/NBDA/frenchmissiles/Resources/hpequips/f4pii/H70-x14ld.prefab using Guid(c60067ea37225d547a3722a62b9e7136) Importer(815301076,1909f56bfc062723c751e8b465ee728b)  -> (artifact id: '77c7783eeaec9c9e053cb64ab3d4ffb4') in 0.068778 seconds 
========================================================================
Received Import Request.
  Time since last request: 0.000398 seconds.
  path: Assets/PrefabInstance/NBDA/frenchmissiles/Resources/hpequips/f4pii/h70-x7ld.prefab
  artifactKey: Guid(4931ebfddf01de745b176c25f252a408) Importer(815301076,1909f56bfc062723c751e8b465ee728b)
Start importing Assets/PrefabInstance/NBDA/frenchmissiles/Resources/hpequips/f4pii/h70-x7ld.prefab using Guid(4931ebfddf01de745b176c25f252a408) Importer(815301076,1909f56bfc062723c751e8b465ee728b)  -> (artifact id: 'f60698e1d293d53a7d7a82c4fb5628e3') in 0.027444 seconds 
========================================================================
Received Import Request.
  Time since last request: 0.000413 seconds.
  path: Assets/PrefabInstance/NBDA/frenchmissiles/Resources/hpequips/f4pii/H70-x7ld-under.prefab
  artifactKey: Guid(376d0d6f3ebf0ab41bd9eb0c3699745e) Importer(815301076,1909f56bfc062723c751e8b465ee728b)
Start importing Assets/PrefabInstance/NBDA/frenchmissiles/Resources/hpequips/f4pii/H70-x7ld-under.prefab using Guid(376d0d6f3ebf0ab41bd9eb0c3699745e) Importer(815301076,1909f56bfc062723c751e8b465ee728b)  -> (artifact id: '608c9fe5a19814990bf9a924268bf289') in 0.034504 seconds 
========================================================================
Received Import Request.
  Time since last request: 0.000395 seconds.
  path: Assets/PrefabInstance/NBDA/frenchmissiles/Resources/hpequips/f4pii/H70-x14ld-under.prefab
  artifactKey: Guid(453d1b4946c2d0b45a0e3c98f8cf924d) Importer(815301076,1909f56bfc062723c751e8b465ee728b)
Start importing Assets/PrefabInstance/NBDA/frenchmissiles/Resources/hpequips/f4pii/H70-x14ld-under.prefab using Guid(453d1b4946c2d0b45a0e3c98f8cf924d) Importer(815301076,1909f56bfc062723c751e8b465ee728b)  -> (artifact id: 'd4f592ca832acde8904bbd08f0703687') in 0.049086 seconds 
========================================================================
Received Import Request.
  Time since last request: 3.569791 seconds.
  path: Assets/PrefabInstance/NBDA/frenchmissiles/Resources/hpequips/f4pii/harmx1.prefab
  artifactKey: Guid(fc42dc4a2bf178640ace2f4490303cae) Importer(815301076,1909f56bfc062723c751e8b465ee728b)
Start importing Assets/PrefabInstance/NBDA/frenchmissiles/Resources/hpequips/f4pii/harmx1.prefab using Guid(fc42dc4a2bf178640ace2f4490303cae) Importer(815301076,1909f56bfc062723c751e8b465ee728b)  -> (artifact id: '0782545ccab2d74968be60f69db05c5d') in 0.035279 seconds 
========================================================================
Received Import Request.
  Time since last request: 0.000480 seconds.
  path: Assets/PrefabInstance/NBDA/frenchmissiles/Resources/hpequips/f4pii/iris-t-x1.prefab
  artifactKey: Guid(1a01163dc58820140bdd197c2cd90641) Importer(815301076,1909f56bfc062723c751e8b465ee728b)
Start importing Assets/PrefabInstance/NBDA/frenchmissiles/Resources/hpequips/f4pii/iris-t-x1.prefab using Guid(1a01163dc58820140bdd197c2cd90641) Importer(815301076,1909f56bfc062723c751e8b465ee728b)  -> (artifact id: '504164514a7e74247a00ad7b7e44ff0d') in 0.037325 seconds 
========================================================================
Received Import Request.
  Time since last request: 0.000417 seconds.
  path: Assets/Texture2D/tex_hudAtlas.png
  artifactKey: Guid(a6259eba9648ec4488c9fe45b6478596) Importer(815301076,1909f56bfc062723c751e8b465ee728b)
Start importing Assets/Texture2D/tex_hudAtlas.png using Guid(a6259eba9648ec4488c9fe45b6478596) Importer(815301076,1909f56bfc062723c751e8b465ee728b)  -> (artifact id: '1be2130b4dd8e433a96476ac69e8f747') in 0.236893 seconds 
========================================================================
Received Import Request.
  Time since last request: 0.000460 seconds.
  path: Assets/RenderTexture/HelmetDisplayRT.renderTexture
  artifactKey: Guid(7e05835e9b780ef43b146862657ded9f) Importer(815301076,1909f56bfc062723c751e8b465ee728b)
Start importing Assets/RenderTexture/HelmetDisplayRT.renderTexture using Guid(7e05835e9b780ef43b146862657ded9f) Importer(815301076,1909f56bfc062723c751e8b465ee728b)  -> (artifact id: 'f36257cb62d9bfe12773641a76af8750') in 0.038152 seconds 
========================================================================
Received Import Request.
  Time since last request: 0.000417 seconds.
  path: Assets/PrefabInstance/NBDA/frenchmissiles/Resources/hpequips/f4pii/harmx1dpMount.prefab
  artifactKey: Guid(94bf19ad74a340141aae3b597f9994a3) Importer(815301076,1909f56bfc062723c751e8b465ee728b)
Start importing Assets/PrefabInstance/NBDA/frenchmissiles/Resources/hpequips/f4pii/harmx1dpMount.prefab using Guid(94bf19ad74a340141aae3b597f9994a3) Importer(815301076,1909f56bfc062723c751e8b465ee728b)  -> (artifact id: '3e181634dcb63c3f5a467e954498d797') in 0.029754 seconds 
========================================================================
Received Import Request.
  Time since last request: 3.547295 seconds.
  path: Assets/PrefabInstance/NBDA/frenchmissiles/Resources/hpequips/f4pii/iris-t-x2.prefab
  artifactKey: Guid(5f4a346ad3567244fac641ae808835d0) Importer(815301076,1909f56bfc062723c751e8b465ee728b)
Start importing Assets/PrefabInstance/NBDA/frenchmissiles/Resources/hpequips/f4pii/iris-t-x2.prefab using Guid(5f4a346ad3567244fac641ae808835d0) Importer(815301076,1909f56bfc062723c751e8b465ee728b)  -> (artifact id: '5afcf07d418af87bb987d1f3572ed7a3') in 0.035454 seconds 
========================================================================
Received Import Request.
  Time since last request: 0.001092 seconds.
  path: Assets/PrefabInstance/mpatexttest/Map.asset
  artifactKey: Guid(3b03aa5abbf745244b7aef51001a8316) Importer(815301076,1909f56bfc062723c751e8b465ee728b)
Start importing Assets/PrefabInstance/mpatexttest/Map.asset using Guid(3b03aa5abbf745244b7aef51001a8316) Importer(815301076,1909f56bfc062723c751e8b465ee728b)  -> (artifact id: 'ce6b88a3095878c8d525518defda1e81') in 0.067070 seconds 
========================================================================
Received Import Request.
  Time since last request: 15.192764 seconds.
  path: Assets/Material/mat_helmetDisplay.mat
  artifactKey: Guid(e26e64845ede1f049a9b55327e7b8971) Importer(815301076,1909f56bfc062723c751e8b465ee728b)
Start importing Assets/Material/mat_helmetDisplay.mat using Guid(e26e64845ede1f049a9b55327e7b8971) Importer(815301076,1909f56bfc062723c751e8b465ee728b)  -> (artifact id: '26a1b839844e28278b07f6f2996ec9aa') in 0.028380 seconds 
========================================================================
Received Import Request.
  Time since last request: 0.000442 seconds.
  path: Assets/PrefabInstance/NBDA/frenchmissiles/Resources/hpequips/f4pii/mavericke2lx1.prefab
  artifactKey: Guid(a6ac14e7c5b7774489cdc8d910870a2d) Importer(815301076,1909f56bfc062723c751e8b465ee728b)
Start importing Assets/PrefabInstance/NBDA/frenchmissiles/Resources/hpequips/f4pii/mavericke2lx1.prefab using Guid(a6ac14e7c5b7774489cdc8d910870a2d) Importer(815301076,1909f56bfc062723c751e8b465ee728b)  -> (artifact id: '38a0e9d9acf4db1c89995f94d8d189a8') in 0.060677 seconds 
========================================================================
Received Import Request.
  Time since last request: 0.000374 seconds.
  path: Assets/PrefabInstance/NBDA/frenchmissiles/Resources/hpequips/f4pii/maverickx1.prefab
  artifactKey: Guid(b30525891cd2ad245b6a35976f1d4e0b) Importer(815301076,1909f56bfc062723c751e8b465ee728b)
Start importing Assets/PrefabInstance/NBDA/frenchmissiles/Resources/hpequips/f4pii/maverickx1.prefab using Guid(b30525891cd2ad245b6a35976f1d4e0b) Importer(815301076,1909f56bfc062723c751e8b465ee728b)  -> (artifact id: 'd5462d81003703a1e310cd9703f29669') in 0.031609 seconds 
========================================================================
Received Import Request.
  Time since last request: 0.000498 seconds.
  path: Assets/PrefabInstance/NBDA/frenchmissiles/Resources/hpequips/f4pii/mavericke2lx3.prefab
  artifactKey: Guid(be87ea24dba4ee244abe1e0ab4f698a3) Importer(815301076,1909f56bfc062723c751e8b465ee728b)
Start importing Assets/PrefabInstance/NBDA/frenchmissiles/Resources/hpequips/f4pii/mavericke2lx3.prefab using Guid(be87ea24dba4ee244abe1e0ab4f698a3) Importer(815301076,1909f56bfc062723c751e8b465ee728b)  -> (artifact id: '26ba04f786f427d9d849e529fa1472d9') in 0.045481 seconds 
========================================================================
Received Import Request.
  Time since last request: 0.000405 seconds.
  path: Assets/PrefabInstance/NBDA/frenchmissiles/Resources/hpequips/f4pii/maverickx3.prefab
  artifactKey: Guid(40321c93f34ae884fa60da04c419bb2a) Importer(815301076,1909f56bfc062723c751e8b465ee728b)
Start importing Assets/PrefabInstance/NBDA/frenchmissiles/Resources/hpequips/f4pii/maverickx3.prefab using Guid(40321c93f34ae884fa60da04c419bb2a) Importer(815301076,1909f56bfc062723c751e8b465ee728b)  -> (artifact id: '8c4d3a994baa8889ea1c4623eb0d2b12') in 0.044740 seconds 
========================================================================
Received Import Request.
  Time since last request: 8.138755 seconds.
  path: Assets/PrefabInstance/NBDA/frenchmissiles/Resources/hpequips/f4pii/mk2x2.prefab
  artifactKey: Guid(a4b93b0462d65af479023ef524d012a0) Importer(815301076,1909f56bfc062723c751e8b465ee728b)
Start importing Assets/PrefabInstance/NBDA/frenchmissiles/Resources/hpequips/f4pii/mk2x2.prefab using Guid(a4b93b0462d65af479023ef524d012a0) Importer(815301076,1909f56bfc062723c751e8b465ee728b)  -> (artifact id: '39ca2385c05fabe1bccbe643d3379238') in 0.021294 seconds 
========================================================================
Received Import Request.
  Time since last request: 0.000363 seconds.
  path: Assets/PrefabInstance/NBDA/frenchmissiles/Resources/hpequips/f4pii/MK82.prefab
  artifactKey: Guid(eb7373c9d8bf4974d8d22dd09ab11402) Importer(815301076,1909f56bfc062723c751e8b465ee728b)
Start importing Assets/PrefabInstance/NBDA/frenchmissiles/Resources/hpequips/f4pii/MK82.prefab using Guid(eb7373c9d8bf4974d8d22dd09ab11402) Importer(815301076,1909f56bfc062723c751e8b465ee728b)  -> (artifact id: '7aaf97024fc0baa9e895cfbbf11f82ce') in 0.021642 seconds 
========================================================================
Received Import Request.
  Time since last request: 0.104277 seconds.
  path: Assets/PrefabInstance/NBDA/frenchmissiles/Resources/hpequips/f4pii/mk82HDx1.prefab
  artifactKey: Guid(c58ec3ccdd589fc41a37893303fb2ca7) Importer(815301076,1909f56bfc062723c751e8b465ee728b)
Start importing Assets/PrefabInstance/NBDA/frenchmissiles/Resources/hpequips/f4pii/mk82HDx1.prefab using Guid(c58ec3ccdd589fc41a37893303fb2ca7) Importer(815301076,1909f56bfc062723c751e8b465ee728b)  -> (artifact id: '573950ac78700685f4db1d8468315a9a') in 0.040057 seconds 
========================================================================
Received Import Request.
  Time since last request: 0.000391 seconds.
  path: Assets/PrefabInstance/NBDA/frenchmissiles/Resources/hpequips/f4pii/mk82HDx2.prefab
  artifactKey: Guid(4ddde2fede0f917408f765dae617b3d4) Importer(815301076,1909f56bfc062723c751e8b465ee728b)
Start importing Assets/PrefabInstance/NBDA/frenchmissiles/Resources/hpequips/f4pii/mk82HDx2.prefab using Guid(4ddde2fede0f917408f765dae617b3d4) Importer(815301076,1909f56bfc062723c751e8b465ee728b)  -> (artifact id: 'cac403d81b442310e45899c2433994fb') in 0.030506 seconds 
========================================================================
Received Import Request.
  Time since last request: 0.000395 seconds.
  path: Assets/PrefabInstance/NBDA/frenchmissiles/Resources/hpequips/f4pii/mk82HDx3.prefab
  artifactKey: Guid(f18fd9ca45c71f848bac0432cc3631d0) Importer(815301076,1909f56bfc062723c751e8b465ee728b)
Start importing Assets/PrefabInstance/NBDA/frenchmissiles/Resources/hpequips/f4pii/mk82HDx3.prefab using Guid(f18fd9ca45c71f848bac0432cc3631d0) Importer(815301076,1909f56bfc062723c751e8b465ee728b)  -> (artifact id: '0d66cbb16a6134796f9cd9511708c140') in 0.033879 seconds 
========================================================================
Received Import Request.
  Time since last request: 0.000345 seconds.
  path: Assets/PrefabInstance/NBDA/frenchmissiles/Resources/hpequips/f4pii/mk82HDx6.prefab
  artifactKey: Guid(58e3e02b3d01dce458c175bf66815054) Importer(815301076,1909f56bfc062723c751e8b465ee728b)
Start importing Assets/PrefabInstance/NBDA/frenchmissiles/Resources/hpequips/f4pii/mk82HDx6.prefab using Guid(58e3e02b3d01dce458c175bf66815054) Importer(815301076,1909f56bfc062723c751e8b465ee728b)  -> (artifact id: '13f66ac8dc900c5c254af2b919ba6c53') in 0.029565 seconds 
========================================================================
Received Import Request.
  Time since last request: 4.791707 seconds.
  path: Assets/PrefabInstance/NBDA/frenchmissiles/Resources/hpequips/f4pii/mk82x2.prefab
  artifactKey: Guid(11a16a2d4b224e045893b6c468fc53c0) Importer(815301076,1909f56bfc062723c751e8b465ee728b)
Start importing Assets/PrefabInstance/NBDA/frenchmissiles/Resources/hpequips/f4pii/mk82x2.prefab using Guid(11a16a2d4b224e045893b6c468fc53c0) Importer(815301076,1909f56bfc062723c751e8b465ee728b)  -> (artifact id: 'c2d87665e13c8d3146cd92ea86030913') in 0.023287 seconds 
========================================================================
Received Import Request.
  Time since last request: 0.000409 seconds.
  path: Assets/PrefabInstance/NBDA/frenchmissiles/Resources/hpequips/f4pii/mk82x6.prefab
  artifactKey: Guid(7dd0ab126f2db1a49a5bbe20d93fd86f) Importer(815301076,1909f56bfc062723c751e8b465ee728b)
Start importing Assets/PrefabInstance/NBDA/frenchmissiles/Resources/hpequips/f4pii/mk82x6.prefab using Guid(7dd0ab126f2db1a49a5bbe20d93fd86f) Importer(815301076,1909f56bfc062723c751e8b465ee728b)  -> (artifact id: '51bd93d4357ce31e102e55755b9a4a59') in 0.021607 seconds 
========================================================================
Received Import Request.
  Time since last request: 0.000446 seconds.
  path: Assets/PrefabInstance/NBDA/frenchmissiles/Resources/hpequips/f4pii/mk82x3.prefab
  artifactKey: Guid(d42cb3027bc333745b45b995f1199514) Importer(815301076,1909f56bfc062723c751e8b465ee728b)
Start importing Assets/PrefabInstance/NBDA/frenchmissiles/Resources/hpequips/f4pii/mk82x3.prefab using Guid(d42cb3027bc333745b45b995f1199514) Importer(815301076,1909f56bfc062723c751e8b465ee728b)  -> (artifact id: '4cc19ed0a5e502df5136fe36cbae89d1') in 0.026267 seconds 
========================================================================
Received Import Request.
  Time since last request: 0.000382 seconds.
  path: Assets/PrefabInstance/NBDA/frenchmissiles/Resources/hpequips/f4pii/mk83x1.prefab
  artifactKey: Guid(aa9d007c6cd90a94a959776d778ff75a) Importer(815301076,1909f56bfc062723c751e8b465ee728b)
Start importing Assets/PrefabInstance/NBDA/frenchmissiles/Resources/hpequips/f4pii/mk83x1.prefab using Guid(aa9d007c6cd90a94a959776d778ff75a) Importer(815301076,1909f56bfc062723c751e8b465ee728b)  -> (artifact id: '726b60a6f2932fc52c1f743151c029c4') in 0.021377 seconds 
========================================================================
Received Import Request.
  Time since last request: 0.465861 seconds.
  path: Assets/PrefabInstance/NBDA/frenchmissiles/Resources/hpequips/f4pii/mk84x1.prefab
  artifactKey: Guid(33e7932e8dc14db4e9565a1f78b79290) Importer(815301076,1909f56bfc062723c751e8b465ee728b)
Start importing Assets/PrefabInstance/NBDA/frenchmissiles/Resources/hpequips/f4pii/mk84x1.prefab using Guid(33e7932e8dc14db4e9565a1f78b79290) Importer(815301076,1909f56bfc062723c751e8b465ee728b)  -> (artifact id: 'a7bfd6b2289905d455221c4337e9f395') in 0.022136 seconds 
========================================================================
Received Import Request.
  Time since last request: 0.000370 seconds.
  path: Assets/PrefabInstance/NBDA/frenchmissiles/Resources/hpequips/f4pii/optank3200.prefab
  artifactKey: Guid(678aec8f102f8f245a3066460b769ea2) Importer(815301076,1909f56bfc062723c751e8b465ee728b)
Start importing Assets/PrefabInstance/NBDA/frenchmissiles/Resources/hpequips/f4pii/optank3200.prefab using Guid(678aec8f102f8f245a3066460b769ea2) Importer(815301076,1909f56bfc062723c751e8b465ee728b)  -> (artifact id: 'a7f706252845ef3102e16493a442250a') in 0.018435 seconds 
========================================================================
Received Import Request.
  Time since last request: 0.000393 seconds.
  path: Assets/Mesh/KnobMeshes/mirage2000pit/NailSwitch7.mesh
  artifactKey: Guid(848fcd2e08b909949824973ba4a78035) Importer(815301076,1909f56bfc062723c751e8b465ee728b)
Start importing Assets/Mesh/KnobMeshes/mirage2000pit/NailSwitch7.mesh using Guid(848fcd2e08b909949824973ba4a78035) Importer(815301076,1909f56bfc062723c751e8b465ee728b)  -> (artifact id: '9b6c50df5a346922199fea595ab56b17') in 0.100973 seconds 
========================================================================
Received Import Request.
  Time since last request: 0.000385 seconds.
  path: Assets/PrefabInstance/NBDA/frenchmissiles/Resources/hpequips/f4pii/optank1700.prefab
  artifactKey: Guid(b0453361144ce2448ae57bb07f3ad6dc) Importer(815301076,1909f56bfc062723c751e8b465ee728b)
Start importing Assets/PrefabInstance/NBDA/frenchmissiles/Resources/hpequips/f4pii/optank1700.prefab using Guid(b0453361144ce2448ae57bb07f3ad6dc) Importer(815301076,1909f56bfc062723c751e8b465ee728b)  -> (artifact id: 'c71c98e03622fd995c46d77920c5b8d8') in 0.015835 seconds 
========================================================================
Received Import Request.
  Time since last request: 1.405290 seconds.
  path: Assets/PrefabInstance/NBDA/frenchmissiles/Resources/hpequips/f4pii/popeyex1.prefab
  artifactKey: Guid(c27e391182aa5aa48b8e8bca1991d8f6) Importer(815301076,1909f56bfc062723c751e8b465ee728b)
Start importing Assets/PrefabInstance/NBDA/frenchmissiles/Resources/hpequips/f4pii/popeyex1.prefab using Guid(c27e391182aa5aa48b8e8bca1991d8f6) Importer(815301076,1909f56bfc062723c751e8b465ee728b)  -> (artifact id: 'd5e32a32201e404dd551b4afa47b7bda') in 0.024489 seconds 
========================================================================
Received Import Request.
  Time since last request: 8.228598 seconds.
  path: Assets/Mesh/Set_5.mat
  artifactKey: Guid(d43a13acd8828c74baf759a8340461cd) Importer(815301076,1909f56bfc062723c751e8b465ee728b)
Start importing Assets/Mesh/Set_5.mat using Guid(d43a13acd8828c74baf759a8340461cd) Importer(815301076,1909f56bfc062723c751e8b465ee728b)  -> (artifact id: 'ca0e01b1b48ee2771640284da00567c1') in 0.123192 seconds 
========================================================================
Received Import Request.
  Time since last request: 0.000383 seconds.
  path: Assets/PrefabInstance/NBDA/frenchmissiles/Resources/hpequips/f4pii/sidearmx2.prefab
  artifactKey: Guid(24e39c7dd8f5c0f4e85d1d611e018097) Importer(815301076,1909f56bfc062723c751e8b465ee728b)
Start importing Assets/PrefabInstance/NBDA/frenchmissiles/Resources/hpequips/f4pii/sidearmx2.prefab using Guid(24e39c7dd8f5c0f4e85d1d611e018097) Importer(815301076,1909f56bfc062723c751e8b465ee728b)  -> (artifact id: '8169ec8b8a61b2524d61267a22fdd498') in 0.072414 seconds 
========================================================================
Received Import Request.
  Time since last request: 0.000424 seconds.
  path: Assets/PrefabInstance/NBDA/frenchmissiles/Resources/hpequips/f4pii/sidearmx1.prefab
  artifactKey: Guid(36f8ce0ff52c9b848aabdff8b6c11328) Importer(815301076,1909f56bfc062723c751e8b465ee728b)
Start importing Assets/PrefabInstance/NBDA/frenchmissiles/Resources/hpequips/f4pii/sidearmx1.prefab using Guid(36f8ce0ff52c9b848aabdff8b6c11328) Importer(815301076,1909f56bfc062723c751e8b465ee728b)  -> (artifact id: 'c8f679a948ac6b365ac64c3d4a165aff') in 0.019721 seconds 
========================================================================
Received Import Request.
  Time since last request: 4.450493 seconds.
  path: Assets/RenderTexture/TestNametagRT.renderTexture
  artifactKey: Guid(7aa70c13054f03b4ba9b5903e92d562e) Importer(815301076,1909f56bfc062723c751e8b465ee728b)
Start importing Assets/RenderTexture/TestNametagRT.renderTexture using Guid(7aa70c13054f03b4ba9b5903e92d562e) Importer(815301076,1909f56bfc062723c751e8b465ee728b)  -> (artifact id: 'e626cec0a6c48eebc8a5d650491c4665') in 0.019044 seconds 
========================================================================
Received Import Request.
  Time since last request: 3.108165 seconds.
  path: Assets/Texture2D/tex_aFighter2Int2.png
  artifactKey: Guid(bec8dc5e759ae084fb7d4a4f56690ed2) Importer(815301076,1909f56bfc062723c751e8b465ee728b)
Start importing Assets/Texture2D/tex_aFighter2Int2.png using Guid(bec8dc5e759ae084fb7d4a4f56690ed2) Importer(815301076,1909f56bfc062723c751e8b465ee728b)  -> (artifact id: 'fd650024390c93ac4d2a7724c9cd5cdb') in 0.096171 seconds 
========================================================================
Received Import Request.
  Time since last request: 0.000340 seconds.
  path: Assets/Texture2D/tex_aim120.png
  artifactKey: Guid(ab307704c3181b14cae14f6b68cb89b8) Importer(815301076,1909f56bfc062723c751e8b465ee728b)
Start importing Assets/Texture2D/tex_aim120.png using Guid(ab307704c3181b14cae14f6b68cb89b8) Importer(815301076,1909f56bfc062723c751e8b465ee728b)  -> (artifact id: '00a1fa2330b79cbc938a08d25d60620d') in 0.014817 seconds 
========================================================================
Received Import Request.
  Time since last request: 0.000370 seconds.
  path: Assets/Texture2D/tex_agm-89.png
  artifactKey: Guid(bed5b059070d6dd49a8d6409285d2b97) Importer(815301076,1909f56bfc062723c751e8b465ee728b)
Start importing Assets/Texture2D/tex_agm-89.png using Guid(bed5b059070d6dd49a8d6409285d2b97) Importer(815301076,1909f56bfc062723c751e8b465ee728b)  -> (artifact id: 'a78e3c931b4e9ffcc57327569b3d5b50') in 0.017253 seconds 
========================================================================
Received Import Request.
  Time since last request: 0.000409 seconds.
  path: Assets/Texture2D/tex_aim9e.png
  artifactKey: Guid(96c5d46baf0fae7439034947f6615be4) Importer(815301076,1909f56bfc062723c751e8b465ee728b)
Start importing Assets/Texture2D/tex_aim9e.png using Guid(96c5d46baf0fae7439034947f6615be4) Importer(815301076,1909f56bfc062723c751e8b465ee728b)  -> (artifact id: '81fa9d6463bbfd6092e2a19d6be2c628') in 0.013844 seconds 
========================================================================
Received Import Request.
  Time since last request: 4.064380 seconds.
  path: Assets/Texture2D/tex_attitudeIndicator.png
  artifactKey: Guid(3f98f2a6307371a4381dd8784d5dc77c) Importer(815301076,1909f56bfc062723c751e8b465ee728b)
Start importing Assets/Texture2D/tex_attitudeIndicator.png using Guid(3f98f2a6307371a4381dd8784d5dc77c) Importer(815301076,1909f56bfc062723c751e8b465ee728b)  -> (artifact id: 'f8573171d585fa36f7d30ff2ac2db829') in 0.017032 seconds 
========================================================================
Received Import Request.
  Time since last request: 0.000361 seconds.
  path: Assets/Texture2D/tex_blackout.png
  artifactKey: Guid(5d4726a692e2eb14aa29041b59b48ccd) Importer(815301076,1909f56bfc062723c751e8b465ee728b)
Start importing Assets/Texture2D/tex_blackout.png using Guid(5d4726a692e2eb14aa29041b59b48ccd) Importer(815301076,1909f56bfc062723c751e8b465ee728b)  -> (artifact id: 'f73f1de2c308c75e410469aad2d450fe') in 0.013675 seconds 
========================================================================
Received Import Request.
  Time since last request: 0.000382 seconds.
  path: Assets/Texture2D/tex_cbu97.png
  artifactKey: Guid(1442f79f3602b164580ed88cc40b0cf2) Importer(815301076,1909f56bfc062723c751e8b465ee728b)
Start importing Assets/Texture2D/tex_cbu97.png using Guid(1442f79f3602b164580ed88cc40b0cf2) Importer(815301076,1909f56bfc062723c751e8b465ee728b)  -> (artifact id: 'b4b57427347dc900531e2cbd8702e9b7') in 0.016095 seconds 
========================================================================
Received Import Request.
  Time since last request: 0.000481 seconds.
  path: Assets/Texture2D/tex_attitudeIndicatorShadow.png
  artifactKey: Guid(fb59f4e5e1b4cdd438605035b8dd0bfc) Importer(815301076,1909f56bfc062723c751e8b465ee728b)
Start importing Assets/Texture2D/tex_attitudeIndicatorShadow.png using Guid(fb59f4e5e1b4cdd438605035b8dd0bfc) Importer(815301076,1909f56bfc062723c751e8b465ee728b)  -> (artifact id: '54a77ad1cfa4d449e1fe0079bf5507fc') in 0.014468 seconds 
========================================================================
Received Import Request.
  Time since last request: 4.357422 seconds.
  path: Assets/Texture2D/tex_clusterMissile.png
  artifactKey: Guid(43f67d1d5f9058648b28fec6900d5991) Importer(815301076,1909f56bfc062723c751e8b465ee728b)
Start importing Assets/Texture2D/tex_clusterMissile.png using Guid(43f67d1d5f9058648b28fec6900d5991) Importer(815301076,1909f56bfc062723c751e8b465ee728b)  -> (artifact id: '29372680a498c3b8fe59703dc1afa50b') in 0.014422 seconds 
========================================================================
Received Import Request.
  Time since last request: 21.919965 seconds.
  path: Assets/Texture2D/tex_editorPanelSmall.png
  artifactKey: Guid(442b050b26f01fa43a21f5a6422480d8) Importer(815301076,1909f56bfc062723c751e8b465ee728b)
Start importing Assets/Texture2D/tex_editorPanelSmall.png using Guid(442b050b26f01fa43a21f5a6422480d8) Importer(815301076,1909f56bfc062723c751e8b465ee728b)  -> (artifact id: '96435ec2d8613c5826d78bc795745087') in 0.026875 seconds 
========================================================================
Received Import Request.
  Time since last request: 0.501781 seconds.
  path: Assets/Texture2D/tex_emis_varGeomEngine.png
  artifactKey: Guid(4d7501b379d02484696fb9b4f00257f9) Importer(815301076,1909f56bfc062723c751e8b465ee728b)
Start importing Assets/Texture2D/tex_emis_varGeomEngine.png using Guid(4d7501b379d02484696fb9b4f00257f9) Importer(815301076,1909f56bfc062723c751e8b465ee728b)  -> (artifact id: 'eb89300a55b8bd06348a0206b43f8e12') in 0.026470 seconds 
========================================================================
Received Import Request.
  Time since last request: 0.000384 seconds.
  path: Assets/Texture2D/tex_hydrax7.png
  artifactKey: Guid(dc40c3ad28045ed4987ab82cc774741e) Importer(815301076,1909f56bfc062723c751e8b465ee728b)
Start importing Assets/Texture2D/tex_hydrax7.png using Guid(dc40c3ad28045ed4987ab82cc774741e) Importer(815301076,1909f56bfc062723c751e8b465ee728b)  -> (artifact id: '995adc1bdec380938354575967012798') in 0.014067 seconds 
========================================================================
Received Import Request.
  Time since last request: 0.000413 seconds.
  path: Assets/Texture2D/tex_gbu38.png
  artifactKey: Guid(8e135ccce54a71d449a0ff0653f90f5b) Importer(815301076,1909f56bfc062723c751e8b465ee728b)
Start importing Assets/Texture2D/tex_gbu38.png using Guid(8e135ccce54a71d449a0ff0653f90f5b) Importer(815301076,1909f56bfc062723c751e8b465ee728b)  -> (artifact id: 'd38dbe1e03d8ee7eb808ef637d692ec9') in 0.014838 seconds 
========================================================================
Received Import Request.
  Time since last request: 0.000462 seconds.
  path: Assets/Texture2D/tex_f26Gun.png
  artifactKey: Guid(a7f87915a7cbfcb4484c065da1cbbe17) Importer(815301076,1909f56bfc062723c751e8b465ee728b)
Start importing Assets/Texture2D/tex_f26Gun.png using Guid(a7f87915a7cbfcb4484c065da1cbbe17) Importer(815301076,1909f56bfc062723c751e8b465ee728b)  -> (artifact id: 'c2528d77e218731f94dac2de261e84c5') in 0.015810 seconds 
========================================================================
Received Import Request.
  Time since last request: 0.000344 seconds.
  path: Assets/Texture2D/tex_gbu39.png
  artifactKey: Guid(e61fc686e5ba2a74c8a91e07de217184) Importer(815301076,1909f56bfc062723c751e8b465ee728b)
Start importing Assets/Texture2D/tex_gbu39.png using Guid(e61fc686e5ba2a74c8a91e07de217184) Importer(815301076,1909f56bfc062723c751e8b465ee728b)  -> (artifact id: '610b0dde9cc771f798e9416e6dd57e7e') in 0.017811 seconds 
========================================================================
Received Import Request.
  Time since last request: 0.000375 seconds.
  path: Assets/Texture2D/tex_maverick.png
  artifactKey: Guid(fd22852d9be6899438fb62927478a24f) Importer(815301076,1909f56bfc062723c751e8b465ee728b)
Start importing Assets/Texture2D/tex_maverick.png using Guid(fd22852d9be6899438fb62927478a24f) Importer(815301076,1909f56bfc062723c751e8b465ee728b)  -> (artifact id: '1740e08989fcbc44e04d923985422e16') in 0.016167 seconds 
========================================================================
Received Import Request.
  Time since last request: 0.000377 seconds.
  path: Assets/Texture2D/tex_irist.png
  artifactKey: Guid(749f325b51282ec43b2b64af27a38be8) Importer(815301076,1909f56bfc062723c751e8b465ee728b)
Start importing Assets/Texture2D/tex_irist.png using Guid(749f325b51282ec43b2b64af27a38be8) Importer(815301076,1909f56bfc062723c751e8b465ee728b)  -> (artifact id: 'ec80502eadf283cc6ba78609021bbec3') in 0.016857 seconds 
========================================================================
Received Import Request.
  Time since last request: 0.000362 seconds.
  path: Assets/Texture2D/tex_newglove.png
  artifactKey: Guid(784bed9d15ea56944850806aa6e7e90e) Importer(815301076,1909f56bfc062723c751e8b465ee728b)
Start importing Assets/Texture2D/tex_newglove.png using Guid(784bed9d15ea56944850806aa6e7e90e) Importer(815301076,1909f56bfc062723c751e8b465ee728b)  -> (artifact id: '2568ecb711741c9a914c11d6867ce78e') in 0.056185 seconds 
========================================================================
Received Import Request.
  Time since last request: 0.000325 seconds.
  path: Assets/Texture2D/tex_suit2.png
  artifactKey: Guid(fe39f7d794aaaa044b3ac09b5c3311c6) Importer(815301076,1909f56bfc062723c751e8b465ee728b)
Start importing Assets/Texture2D/tex_suit2.png using Guid(fe39f7d794aaaa044b3ac09b5c3311c6) Importer(815301076,1909f56bfc062723c751e8b465ee728b)  -> (artifact id: '9d7ce3f941dd476b1185e21d796469c0') in 0.067245 seconds 
========================================================================
Received Import Request.
  Time since last request: 0.000334 seconds.
  path: Assets/Texture2D/tgpRamp.png
  artifactKey: Guid(34110169973e1ea4ba1828971218c92f) Importer(815301076,1909f56bfc062723c751e8b465ee728b)
Start importing Assets/Texture2D/tgpRamp.png using Guid(34110169973e1ea4ba1828971218c92f) Importer(815301076,1909f56bfc062723c751e8b465ee728b)  -> (artifact id: '0fa015835b661b2a6b0f4838664db28f') in 0.014049 seconds 
========================================================================
Received Import Request.
  Time since last request: 0.000378 seconds.
  path: Assets/Texture2D/tex_mk82.png
  artifactKey: Guid(d12bfb2aaef7a5f4fbff35bfef50dbf9) Importer(815301076,1909f56bfc062723c751e8b465ee728b)
Start importing Assets/Texture2D/tex_mk82.png using Guid(d12bfb2aaef7a5f4fbff35bfef50dbf9) Importer(815301076,1909f56bfc062723c751e8b465ee728b)  -> (artifact id: '37b4b410bf4686c85aec8e279513929d') in 0.016071 seconds 
========================================================================
Received Import Request.
  Time since last request: 0.000317 seconds.
  path: Assets/Texture2D/tex_nvgMask_spec.png
  artifactKey: Guid(306f7d7c0b394b344aec6a5cc01d8a7a) Importer(815301076,1909f56bfc062723c751e8b465ee728b)
Start importing Assets/Texture2D/tex_nvgMask_spec.png using Guid(306f7d7c0b394b344aec6a5cc01d8a7a) Importer(815301076,1909f56bfc062723c751e8b465ee728b)  -> (artifact id: '4f042338b65c72945e31ee451f6fbe5a') in 0.055907 seconds 
========================================================================
Received Import Request.
  Time since last request: 0.000369 seconds.
  path: Assets/Texture2D/tex_vehEquipper.png
  artifactKey: Guid(cc13e8f8d7537814c88c24ce63c0e565) Importer(815301076,1909f56bfc062723c751e8b465ee728b)
Start importing Assets/Texture2D/tex_vehEquipper.png using Guid(cc13e8f8d7537814c88c24ce63c0e565) Importer(815301076,1909f56bfc062723c751e8b465ee728b)  -> (artifact id: 'd335a1fb3cb25e81e821f81480bcdd33') in 0.055466 seconds 
========================================================================
Received Import Request.
  Time since last request: 0.000360 seconds.
  path: Assets/Texture2D/tgpRamp6.png
  artifactKey: Guid(23d78be0b7f7b0343b70ca9f518ba685) Importer(815301076,1909f56bfc062723c751e8b465ee728b)
Start importing Assets/Texture2D/tgpRamp6.png using Guid(23d78be0b7f7b0343b70ca9f518ba685) Importer(815301076,1909f56bfc062723c751e8b465ee728b)  -> (artifact id: '1fb3d5f91307c1d6bebf59fe8970d6b9') in 0.015053 seconds 
========================================================================
Received Import Request.
  Time since last request: 0.000477 seconds.
  path: Assets/MonoBehaviour/WingDragMachCurveZero.asset
  artifactKey: Guid(6aff60cefb1ba3646a8c6f4fd760a1c2) Importer(815301076,1909f56bfc062723c751e8b465ee728b)
Start importing Assets/MonoBehaviour/WingDragMachCurveZero.asset using Guid(6aff60cefb1ba3646a8c6f4fd760a1c2) Importer(815301076,1909f56bfc062723c751e8b465ee728b)  -> (artifact id: '1b9467fc3b6139f5e23f7b6a986d45c7') in 0.007472 seconds 
========================================================================
Received Import Request.
  Time since last request: 0.000383 seconds.
  path: Assets/Texture2D/tex_jassm.png
  artifactKey: Guid(7747bb7f40356b74d90c32f1d278a71c) Importer(815301076,1909f56bfc062723c751e8b465ee728b)
Start importing Assets/Texture2D/tex_jassm.png using Guid(7747bb7f40356b74d90c32f1d278a71c) Importer(815301076,1909f56bfc062723c751e8b465ee728b)  -> (artifact id: 'cf664b8d78adcdd2369217684d38edb4') in 0.017222 seconds 
========================================================================
Received Import Request.
  Time since last request: 0.000406 seconds.
  path: Assets/Texture2D/tex_mk83.png
  artifactKey: Guid(e8447b7ccf7c8e149ae036ce47a64852) Importer(815301076,1909f56bfc062723c751e8b465ee728b)
Start importing Assets/Texture2D/tex_mk83.png using Guid(e8447b7ccf7c8e149ae036ce47a64852) Importer(815301076,1909f56bfc062723c751e8b465ee728b)  -> (artifact id: 'ff6406cf36223ea48a2c86bb5eb84b95') in 0.013167 seconds 
========================================================================
Received Import Request.
  Time since last request: 0.000380 seconds.
  path: Assets/PrefabInstance/mpatexttest/topoMat.mat
  artifactKey: Guid(a9db5d913b611b8469bcf89810a65f11) Importer(815301076,1909f56bfc062723c751e8b465ee728b)
Start importing Assets/PrefabInstance/mpatexttest/topoMat.mat using Guid(a9db5d913b611b8469bcf89810a65f11) Importer(815301076,1909f56bfc062723c751e8b465ee728b)  -> (artifact id: 'cae29845c663850fb4932b98cdd630f3') in 0.017272 seconds 
========================================================================
Received Import Request.
  Time since last request: 0.000297 seconds.
  path: Assets/Texture2D/tex_sidearm.png
  artifactKey: Guid(52102c3e3cb8cec45a112083d6797d84) Importer(815301076,1909f56bfc062723c751e8b465ee728b)
Start importing Assets/Texture2D/tex_sidearm.png using Guid(52102c3e3cb8cec45a112083d6797d84) Importer(815301076,1909f56bfc062723c751e8b465ee728b)  -> (artifact id: '0c4f4cf87a5701b993c0e6a0ee95f3dc') in 0.015067 seconds 
========================================================================
Received Import Request.
  Time since last request: 0.000413 seconds.
  path: Assets/Texture2D/tex_sidewinderLauncher.png
  artifactKey: Guid(ef7c1926cc13f8b4d81a2bc30d92580a) Importer(815301076,1909f56bfc062723c751e8b465ee728b)
Start importing Assets/Texture2D/tex_sidewinderLauncher.png using Guid(ef7c1926cc13f8b4d81a2bc30d92580a) Importer(815301076,1909f56bfc062723c751e8b465ee728b)  -> (artifact id: 'd38b946fc00cd45bc447ae983df3db2e') in 0.024050 seconds 
========================================================================
Received Import Request.
  Time since last request: 0.000461 seconds.
  path: Assets/Texture2D/tex_harm.png
  artifactKey: Guid(6b7afe512fa6ee44981c8ec2185d91c8) Importer(815301076,1909f56bfc062723c751e8b465ee728b)
Start importing Assets/Texture2D/tex_harm.png using Guid(6b7afe512fa6ee44981c8ec2185d91c8) Importer(815301076,1909f56bfc062723c751e8b465ee728b)  -> (artifact id: '2d370de3e81577410636d2e958bcae98') in 0.013324 seconds 
========================================================================
Received Import Request.
  Time since last request: 0.000337 seconds.
  path: Assets/Texture2D/tex_gbu12.png
  artifactKey: Guid(9d0e807fd816150478c626bf3fe600f9) Importer(815301076,1909f56bfc062723c751e8b465ee728b)
Start importing Assets/Texture2D/tex_gbu12.png using Guid(9d0e807fd816150478c626bf3fe600f9) Importer(815301076,1909f56bfc062723c751e8b465ee728b)  -> (artifact id: '84e291570bda71f368ca7f7ac4da7575') in 0.016550 seconds 
========================================================================
Received Prepare
Shader 'Ethical Motion/Particles/Lit MultiLight': fallback shader 'Hidden/Ethical Motion/Particles/Lit Alpha Blend Shadow Fallback' not found
Shader 'Ethical Motion/Particles/Lit': fallback shader 'Hidden/Ethical Motion/Particles/Lit Alpha Blend Shadow Fallback' not found
Refreshing native plugins compatible for Editor in 40.42 ms, found 7 plugins.
Preloading 0 native plugins for Editor in 0.00 ms.
Unloading 58 Unused Serialized files (Serialized files now loaded: 0)
System memory in use before: 232.0 MB.
System memory in use after: 232.3 MB.

Unloading 59 unused Assets to reduce memory usage. Loaded Objects now: 5359.
Total: 10.920900 ms (FindLiveObjects: 2.569700 ms CreateObjectMapping: 0.464500 ms MarkObjects: 7.674000 ms  DeleteObjects: 0.211400 ms)

AssetImportParameters requested are different than current active one (requested -> active):
  custom:framework-win-MediaFoundation: 216162199b28c13a410421893ffa2e32 -> 
  custom:video-decoder-ogg-theora: a1e56fd34408186e4bbccfd4996cb3dc -> 
  custom:container-muxer-webm: aa71ff27fc2769a1b78a27578f13a17b -> 
  custom:container-demuxer-webm: 4f35f7cbe854078d1ac9338744f61a02 -> 
  custom:container-demuxer-ogg: 62fdf1f143b41e24485cea50d1cbac27 -> 
  custom:video-encoder-webm-vp8: eb34c28f22e8b96e1ab97ce403110664 -> 
  custom:video-codec-MediaFoundation-h265: e54d7ab0439102e2317fc1e4b246158d -> 
  custom:video-decoder-webm-vp8: 9c59270c3fd7afecdb556c50c9e8de78 -> 
  custom:audio-decoder-ogg-vorbis: bf7c407c2cedff20999df2af8eb42d56 -> 
  custom:audio-encoder-webm-vorbis: bf7c407c2cedff20999df2af8eb42d56 -> 
========================================================================
Received Import Request.
  Time since last request: 145.434106 seconds.
  path: Assets/PrefabInstance/NBDA/frenchmissiles/Resources/weapons/missiles/SubMissile.prefab
  artifactKey: Guid(09a4c101c95f3494a8eb82d8083f8c22) Importer(815301076,1909f56bfc062723c751e8b465ee728b)
Start importing Assets/PrefabInstance/NBDA/frenchmissiles/Resources/weapons/missiles/SubMissile.prefab using Guid(09a4c101c95f3494a8eb82d8083f8c22) Importer(815301076,1909f56bfc062723c751e8b465ee728b)  -> (artifact id: 'f20220ed91531a986a10cd827c7073b7') in 0.047289 seconds 
AssetImportWorkerClient::OnTransportError - code=2 error=End of file
